Using pre-set license
Built from '2022.3/staging' branch; Version is '2022.3.45f1 (a13dfa44d684) revision 10567162'; Using compiler version '192829333'; Build Type 'Release'
OS: 'Windows 11  (10.0.26100) 64bit Professional' Language: 'en' Physical Memory: 15809 MB
BatchMode: 1, IsHumanControllingUs: 0, StartBugReporterOnCrash: 0, Is64bit: 1, IsPro: 1

COMMAND LINE ARGUMENTS:
D:\unity\2022.3.45f1\Editor\Unity.exe
-adb2
-batchMode
-noUpm
-name
AssetImportWorker0
-projectPath
C:/Users/My Laptop/Documents/GitHub/Brenhan_Success_Story/Brenhan_Success_Story
-logFile
Logs/AssetImportWorker0.log
-srvPort
59634
Successfully changed project path to: C:/Users/My Laptop/Documents/GitHub/Brenhan_Success_Story/Brenhan_Success_Story
C:/Users/My Laptop/Documents/GitHub/Brenhan_Success_Story/Brenhan_Success_Story
[UnityMemory] Configuration Parameters - Can be set up in boot.config
    "memorysetup-bucket-allocator-granularity=16"
    "memorysetup-bucket-allocator-bucket-count=8"
    "memorysetup-bucket-allocator-block-size=33554432"
    "memorysetup-bucket-allocator-block-count=8"
    "memorysetup-main-allocator-block-size=16777216"
    "memorysetup-thread-allocator-block-size=16777216"
    "memorysetup-gfx-main-allocator-block-size=16777216"
    "memorysetup-gfx-thread-allocator-block-size=16777216"
    "memorysetup-cache-allocator-block-size=4194304"
    "memorysetup-typetree-allocator-block-size=2097152"
    "memorysetup-profiler-bucket-allocator-granularity=16"
    "memorysetup-profiler-bucket-allocator-bucket-count=8"
    "memorysetup-profiler-bucket-allocator-block-size=33554432"
    "memorysetup-profiler-bucket-allocator-block-count=8"
    "memorysetup-profiler-allocator-block-size=16777216"
    "memorysetup-profiler-editor-allocator-block-size=1048576"
    "memorysetup-temp-allocator-size-main=16777216"
    "memorysetup-job-temp-allocator-block-size=2097152"
    "memorysetup-job-temp-allocator-block-size-background=1048576"
    "memorysetup-job-temp-allocator-reduction-small-platforms=262144"
    "memorysetup-allocator-temp-initial-block-size-main=262144"
    "memorysetup-allocator-temp-initial-block-size-worker=262144"
    "memorysetup-temp-allocator-size-background-worker=32768"
    "memorysetup-temp-allocator-size-job-worker=262144"
    "memorysetup-temp-allocator-size-preload-manager=33554432"
    "memorysetup-temp-allocator-size-nav-mesh-worker=65536"
    "memorysetup-temp-allocator-size-audio-worker=65536"
    "memorysetup-temp-allocator-size-cloud-worker=32768"
    "memorysetup-temp-allocator-size-gi-baking-worker=262144"
    "memorysetup-temp-allocator-size-gfx=262144"
Player connection [9884]  Target information:

Player connection [9884]  * "[IP] 192.168.137.74 [Port] 0 [Flags] 2 [Guid] 1352454640 [EditorId] 1352454640 [Version] 1048832 [Id] WindowsEditor(7,DESKTOP-D4VJBOV) [Debug] 1 [PackageName] WindowsEditor [ProjectName] Editor" 

Player connection [9884] Host joined multi-casting on [225.0.0.222:54997]...
Player connection [9884] Host joined alternative multi-casting on [225.0.0.222:34997]...
[PhysX] Initialized MultithreadedTaskDispatcher with 8 workers.
Refreshing native plugins compatible for Editor in 8.32 ms, found 0 plugins.
Preloading 0 native plugins for Editor in 0.00 ms.
Initialize engine version: 2022.3.45f1 (a13dfa44d684)
[Subsystems] Discovering subsystems at path D:/unity/2022.3.45f1/Editor/Data/Resources/UnitySubsystems
[Subsystems] Discovering subsystems at path C:/Users/My Laptop/Documents/GitHub/Brenhan_Success_Story/Brenhan_Success_Story/Assets
GfxDevice: creating device client; threaded=0; jobified=0
Direct3D:
    Version:  Direct3D 11.0 [level 11.1]
    Renderer: NVIDIA GeForce GTX 1050 (ID=0x1c91)
    Vendor:   NVIDIA
    VRAM:     2981 MB
    Driver:   31.0.15.5161
Initialize mono
Mono path[0] = 'D:/unity/2022.3.45f1/Editor/Data/Managed'
Mono path[1] = 'D:/unity/2022.3.45f1/Editor/Data/MonoBleedingEdge/lib/mono/unityjit-win32'
Mono config path = 'D:/unity/2022.3.45f1/Editor/Data/MonoBleedingEdge/etc'
Using monoOptions --debugger-agent=transport=dt_socket,embedding=1,server=y,suspend=n,address=127.0.0.1:56304
Begin MonoManager ReloadAssembly
Registering precompiled unity dll's ...
Register platform support module: D:/unity/2022.3.45f1/Editor/Data/PlaybackEngines/WindowsStandaloneSupport/UnityEditor.WindowsStandalone.Extensions.dll
Registered in 0.016050 seconds.
- Loaded All Assemblies, in  1.281 seconds
Native extension for WindowsStandalone target not found
Mono: successfully reloaded assembly
- Finished resetting the current domain, in  1.055 seconds
Domain Reload Profiling: 2336ms
	BeginReloadAssembly (359ms)
		ExecutionOrderSort (0ms)
		DisableScriptedObjects (0ms)
		BackupInstance (0ms)
		ReleaseScriptingObjects (0ms)
		CreateAndSetChildDomain (2ms)
	RebuildCommonClasses (134ms)
	RebuildNativeTypeToScriptingClass (46ms)
	initialDomainReloadingComplete (206ms)
	LoadAllAssembliesAndSetupDomain (533ms)
		LoadAssemblies (356ms)
		RebuildTransferFunctionScriptingTraits (0ms)
		AnalyzeDomain (529ms)
			TypeCache.Refresh (523ms)
				TypeCache.ScanAssembly (481ms)
			ScanForSourceGeneratedMonoScriptInfo (1ms)
			ResolveRequiredComponents (1ms)
	FinalizeReload (1057ms)
		ReleaseScriptCaches (0ms)
		RebuildScriptCaches (0ms)
		SetupLoadedEditorAssemblies (871ms)
			LogAssemblyErrors (0ms)
			InitializePlatformSupportModulesInManaged (33ms)
			SetLoadedEditorAssemblies (29ms)
			RefreshPlugins (0ms)
			BeforeProcessingInitializeOnLoad (10ms)
			ProcessInitializeOnLoadAttributes (606ms)
			ProcessInitializeOnLoadMethodAttributes (194ms)
			AfterProcessingInitializeOnLoad (0ms)
			EditorAssembliesLoaded (0ms)
		ExecutionOrderSort2 (0ms)
		AwakeInstancesAfterBackupRestoration (0ms)
========================================================================
Worker process is ready to serve import requests
Caller must complete domain reload
Begin MonoManager ReloadAssembly
- Loaded All Assemblies, in  1.258 seconds
Native extension for WindowsStandalone target not found
Mono: successfully reloaded assembly
- Finished resetting the current domain, in  1.698 seconds
Domain Reload Profiling: 2994ms
	BeginReloadAssembly (444ms)
		ExecutionOrderSort (0ms)
		DisableScriptedObjects (20ms)
		BackupInstance (0ms)
		ReleaseScriptingObjects (0ms)
		CreateAndSetChildDomain (63ms)
	RebuildCommonClasses (119ms)
	RebuildNativeTypeToScriptingClass (38ms)
	initialDomainReloadingComplete (87ms)
	LoadAllAssembliesAndSetupDomain (606ms)
		LoadAssemblies (604ms)
		RebuildTransferFunctionScriptingTraits (0ms)
		AnalyzeDomain (199ms)
			TypeCache.Refresh (155ms)
				TypeCache.ScanAssembly (131ms)
			ScanForSourceGeneratedMonoScriptInfo (31ms)
			ResolveRequiredComponents (11ms)
	FinalizeReload (1700ms)
		ReleaseScriptCaches (0ms)
		RebuildScriptCaches (0ms)
		SetupLoadedEditorAssemblies (1234ms)
			LogAssemblyErrors (0ms)
			InitializePlatformSupportModulesInManaged (17ms)
			SetLoadedEditorAssemblies (9ms)
			RefreshPlugins (0ms)
			BeforeProcessingInitializeOnLoad (154ms)
			ProcessInitializeOnLoadAttributes (777ms)
			ProcessInitializeOnLoadMethodAttributes (269ms)
			AfterProcessingInitializeOnLoad (8ms)
			EditorAssembliesLoaded (0ms)
		ExecutionOrderSort2 (0ms)
		AwakeInstancesAfterBackupRestoration (22ms)
Launched and connected shader compiler UnityShaderCompiler.exe after 0.11 seconds
Refreshing native plugins compatible for Editor in 3.74 ms, found 0 plugins.
Preloading 0 native plugins for Editor in 0.00 ms.
Unloading 1714 Unused Serialized files (Serialized files now loaded: 0)
Unloading 134 unused Assets / (1.1 MB). Loaded Objects now: 2173.
Memory consumption went from 94.6 MB to 93.5 MB.
Total: 9.075600 ms (FindLiveObjects: 0.365300 ms CreateObjectMapping: 0.139200 ms MarkObjects: 7.594200 ms  DeleteObjects: 0.974000 ms)

AssetImportParameters requested are different than current active one (requested -> active):
  custom:video-decoder-webm-vp8: 9c59270c3fd7afecdb556c50c9e8de78 -> 
  custom:SearchIndexIgnoredProperties: e643bd26f0fe6173181afceb89e7c659 -> 
  custom:container-demuxer-ogg: 62fdf1f143b41e24485cea50d1cbac27 -> 
  custom:AudioImporter_EditorPlatform: d09bf68614088b80899f8185d706f6e7 -> 
  custom:video-decoder-ogg-theora: a1e56fd34408186e4bbccfd4996cb3dc -> 
  custom:framework-win-MediaFoundation: 216162199b28c13a410421893ffa2e32 -> 
  custom:video-encoder-webm-vp8: eb34c28f22e8b96e1ab97ce403110664 -> 
  custom:audio-decoder-ogg-vorbis: bf7c407c2cedff20999df2af8eb42d56 -> 
  custom:CustomObjectIndexerAttribute: 9a22284fe3817be447336de3de66b15e -> 
  custom:container-demuxer-webm: 4f35f7cbe854078d1ac9338744f61a02 -> 
  custom:audio-encoder-webm-vorbis: bf7c407c2cedff20999df2af8eb42d56 -> 
  custom:container-muxer-webm: aa71ff27fc2769a1b78a27578f13a17b -> 
========================================================================
Received Import Request.
  Time since last request: 182030.423326 seconds.
  path: Assets/BrenhanStory/BrenhanStory.asset
  artifactKey: Guid(6ed0cb0c5cb95494ca20808d5ffd11d5) Importer(815301076,1909f56bfc062723c751e8b465ee728b)
Start importing Assets/BrenhanStory/BrenhanStory.asset using Guid(6ed0cb0c5cb95494ca20808d5ffd11d5) Importer(815301076,1909f56bfc062723c751e8b465ee728b) [PhysX] Initialized MultithreadedTaskDispatcher with 8 workers.
 -> (artifact id: '07998a8de02dd320b5a39c1ae106c2c6') in 0.100989 seconds
Number of updated asset objects reloaded before import = 0
Number of asset objects unloaded after import = 73
========================================================================
Received Import Request.
  Time since last request: 2.140320 seconds.
  path: Assets/BrenhanStory/BrenhanStory.asset
  artifactKey: Guid(6ed0cb0c5cb95494ca20808d5ffd11d5) Importer(815301076,1909f56bfc062723c751e8b465ee728b)
Start importing Assets/BrenhanStory/BrenhanStory.asset using Guid(6ed0cb0c5cb95494ca20808d5ffd11d5) Importer(815301076,1909f56bfc062723c751e8b465ee728b) [PhysX] Initialized MultithreadedTaskDispatcher with 8 workers.
 -> (artifact id: '93b5b027b2f9b3649c9569f65a311f2e') in 0.073730 seconds
Number of updated asset objects reloaded before import = 0
Number of asset objects unloaded after import = 73
========================================================================
Received Import Request.
  Time since last request: 0.546708 seconds.
  path: Assets/BrenhanStory/BrenhanStory.asset
  artifactKey: Guid(6ed0cb0c5cb95494ca20808d5ffd11d5) Importer(815301076,1909f56bfc062723c751e8b465ee728b)
Start importing Assets/BrenhanStory/BrenhanStory.asset using Guid(6ed0cb0c5cb95494ca20808d5ffd11d5) Importer(815301076,1909f56bfc062723c751e8b465ee728b) [PhysX] Initialized MultithreadedTaskDispatcher with 8 workers.
 -> (artifact id: 'a05a03a109b4f2c164e559a2c9c4fb43') in 0.073232 seconds
Number of updated asset objects reloaded before import = 0
Number of asset objects unloaded after import = 72
========================================================================
Received Import Request.
  Time since last request: 2.101643 seconds.
  path: Assets/BrenhanStory/BrenhanStory.asset
  artifactKey: Guid(6ed0cb0c5cb95494ca20808d5ffd11d5) Importer(815301076,1909f56bfc062723c751e8b465ee728b)
Start importing Assets/BrenhanStory/BrenhanStory.asset using Guid(6ed0cb0c5cb95494ca20808d5ffd11d5) Importer(815301076,1909f56bfc062723c751e8b465ee728b) [PhysX] Initialized MultithreadedTaskDispatcher with 8 workers.
 -> (artifact id: 'c29632c972e5db4831728b69218b1145') in 0.077139 seconds
Number of updated asset objects reloaded before import = 0
Number of asset objects unloaded after import = 72
========================================================================
Received Import Request.
  Time since last request: 0.317411 seconds.
  path: Assets/BrenhanStory/BrenhanStory.asset
  artifactKey: Guid(6ed0cb0c5cb95494ca20808d5ffd11d5) Importer(815301076,1909f56bfc062723c751e8b465ee728b)
Start importing Assets/BrenhanStory/BrenhanStory.asset using Guid(6ed0cb0c5cb95494ca20808d5ffd11d5) Importer(815301076,1909f56bfc062723c751e8b465ee728b) [PhysX] Initialized MultithreadedTaskDispatcher with 8 workers.
 -> (artifact id: 'fa752e35938851c6b7a059475cf3ec76') in 0.070737 seconds
Number of updated asset objects reloaded before import = 0
Number of asset objects unloaded after import = 73
========================================================================
Received Import Request.
  Time since last request: 1.396296 seconds.
  path: Assets/BrenhanStory/BrenhanStory.asset
  artifactKey: Guid(6ed0cb0c5cb95494ca20808d5ffd11d5) Importer(815301076,1909f56bfc062723c751e8b465ee728b)
Start importing Assets/BrenhanStory/BrenhanStory.asset using Guid(6ed0cb0c5cb95494ca20808d5ffd11d5) Importer(815301076,1909f56bfc062723c751e8b465ee728b) [PhysX] Initialized MultithreadedTaskDispatcher with 8 workers.
 -> (artifact id: '20c35390de7af19e0edfd710d94087d6') in 0.077545 seconds
Number of updated asset objects reloaded before import = 0
Number of asset objects unloaded after import = 73
========================================================================
Received Import Request.
  Time since last request: 3.565067 seconds.
  path: Assets/BrenhanStory/BrenhanStory.asset
  artifactKey: Guid(6ed0cb0c5cb95494ca20808d5ffd11d5) Importer(815301076,1909f56bfc062723c751e8b465ee728b)
Start importing Assets/BrenhanStory/BrenhanStory.asset using Guid(6ed0cb0c5cb95494ca20808d5ffd11d5) Importer(815301076,1909f56bfc062723c751e8b465ee728b) [PhysX] Initialized MultithreadedTaskDispatcher with 8 workers.
 -> (artifact id: 'bafb74959509f61f37278ae16da0297c') in 0.063983 seconds
Number of updated asset objects reloaded before import = 0
Number of asset objects unloaded after import = 73
========================================================================
Received Import Request.
  Time since last request: 10.390137 seconds.
  path: Assets/BrenhanStory/BrenhanStory.asset
  artifactKey: Guid(6ed0cb0c5cb95494ca20808d5ffd11d5) Importer(815301076,1909f56bfc062723c751e8b465ee728b)
Start importing Assets/BrenhanStory/BrenhanStory.asset using Guid(6ed0cb0c5cb95494ca20808d5ffd11d5) Importer(815301076,1909f56bfc062723c751e8b465ee728b) [PhysX] Initialized MultithreadedTaskDispatcher with 8 workers.
 -> (artifact id: 'c5c5a68fd9bb0e1287fafd675bbd90fa') in 0.076230 seconds
Number of updated asset objects reloaded before import = 0
Number of asset objects unloaded after import = 73
========================================================================
Received Import Request.
  Time since last request: 8.898266 seconds.
  path: Assets/BrenhanStory/BrenhanStory.asset
  artifactKey: Guid(6ed0cb0c5cb95494ca20808d5ffd11d5) Importer(815301076,1909f56bfc062723c751e8b465ee728b)
Start importing Assets/BrenhanStory/BrenhanStory.asset using Guid(6ed0cb0c5cb95494ca20808d5ffd11d5) Importer(815301076,1909f56bfc062723c751e8b465ee728b) [PhysX] Initialized MultithreadedTaskDispatcher with 8 workers.
 -> (artifact id: '09320c3ffb982eaf906ea95419f88a03') in 0.085291 seconds
Number of updated asset objects reloaded before import = 0
Number of asset objects unloaded after import = 74
========================================================================
Received Import Request.
  Time since last request: 1.201637 seconds.
  path: Assets/BrenhanStory/BrenhanStory.asset
  artifactKey: Guid(6ed0cb0c5cb95494ca20808d5ffd11d5) Importer(815301076,1909f56bfc062723c751e8b465ee728b)
Start importing Assets/BrenhanStory/BrenhanStory.asset using Guid(6ed0cb0c5cb95494ca20808d5ffd11d5) Importer(815301076,1909f56bfc062723c751e8b465ee728b) [PhysX] Initialized MultithreadedTaskDispatcher with 8 workers.
 -> (artifact id: 'cc5466f9d43fbc3056d914de02705d2a') in 0.062886 seconds
Number of updated asset objects reloaded before import = 0
Number of asset objects unloaded after import = 74
========================================================================
Received Import Request.
  Time since last request: 4.537494 seconds.
  path: Assets/BrenhanStory/BrenhanStory.asset
  artifactKey: Guid(6ed0cb0c5cb95494ca20808d5ffd11d5) Importer(815301076,1909f56bfc062723c751e8b465ee728b)
Start importing Assets/BrenhanStory/BrenhanStory.asset using Guid(6ed0cb0c5cb95494ca20808d5ffd11d5) Importer(815301076,1909f56bfc062723c751e8b465ee728b) [PhysX] Initialized MultithreadedTaskDispatcher with 8 workers.
 -> (artifact id: 'f84f4b1d0beb49e48bf5909b51c8662f') in 0.084776 seconds
Number of updated asset objects reloaded before import = 0
Number of asset objects unloaded after import = 74
========================================================================
Received Import Request.
  Time since last request: 3.190094 seconds.
  path: Assets/BrenhanStory/BrenhanStory.asset
  artifactKey: Guid(6ed0cb0c5cb95494ca20808d5ffd11d5) Importer(815301076,1909f56bfc062723c751e8b465ee728b)
Start importing Assets/BrenhanStory/BrenhanStory.asset using Guid(6ed0cb0c5cb95494ca20808d5ffd11d5) Importer(815301076,1909f56bfc062723c751e8b465ee728b) [PhysX] Initialized MultithreadedTaskDispatcher with 8 workers.
 -> (artifact id: '0a0f54d8f0d27dcdc10dfb70da732e58') in 0.070101 seconds
Number of updated asset objects reloaded before import = 0
Number of asset objects unloaded after import = 74
========================================================================
Received Import Request.
  Time since last request: 1.321370 seconds.
  path: Assets/BrenhanStory/BrenhanStory.asset
  artifactKey: Guid(6ed0cb0c5cb95494ca20808d5ffd11d5) Importer(815301076,1909f56bfc062723c751e8b465ee728b)
Start importing Assets/BrenhanStory/BrenhanStory.asset using Guid(6ed0cb0c5cb95494ca20808d5ffd11d5) Importer(815301076,1909f56bfc062723c751e8b465ee728b) [PhysX] Initialized MultithreadedTaskDispatcher with 8 workers.
 -> (artifact id: 'ca1708b8a9c47dd45f642dd2e8691745') in 0.079757 seconds
Number of updated asset objects reloaded before import = 0
Number of asset objects unloaded after import = 74
========================================================================
Received Import Request.
  Time since last request: 6.745536 seconds.
  path: Assets/BrenhanStory/BrenhanStory.asset
  artifactKey: Guid(6ed0cb0c5cb95494ca20808d5ffd11d5) Importer(815301076,1909f56bfc062723c751e8b465ee728b)
Start importing Assets/BrenhanStory/BrenhanStory.asset using Guid(6ed0cb0c5cb95494ca20808d5ffd11d5) Importer(815301076,1909f56bfc062723c751e8b465ee728b) [PhysX] Initialized MultithreadedTaskDispatcher with 8 workers.
 -> (artifact id: '7ccec1999a028f9736a571ea2158b384') in 0.075599 seconds
Number of updated asset objects reloaded before import = 0
Number of asset objects unloaded after import = 75
========================================================================
Received Import Request.
  Time since last request: 1.228301 seconds.
  path: Assets/BrenhanStory/BrenhanStory.asset
  artifactKey: Guid(6ed0cb0c5cb95494ca20808d5ffd11d5) Importer(815301076,1909f56bfc062723c751e8b465ee728b)
Start importing Assets/BrenhanStory/BrenhanStory.asset using Guid(6ed0cb0c5cb95494ca20808d5ffd11d5) Importer(815301076,1909f56bfc062723c751e8b465ee728b) [PhysX] Initialized MultithreadedTaskDispatcher with 8 workers.
 -> (artifact id: 'cdc42870ae929501bff62f33be3b643f') in 0.079525 seconds
Number of updated asset objects reloaded before import = 0
Number of asset objects unloaded after import = 75
========================================================================
Received Import Request.
  Time since last request: 21.942398 seconds.
  path: Assets/BrenhanStory/BrenhanStory.asset
  artifactKey: Guid(6ed0cb0c5cb95494ca20808d5ffd11d5) Importer(815301076,1909f56bfc062723c751e8b465ee728b)
Start importing Assets/BrenhanStory/BrenhanStory.asset using Guid(6ed0cb0c5cb95494ca20808d5ffd11d5) Importer(815301076,1909f56bfc062723c751e8b465ee728b) [PhysX] Initialized MultithreadedTaskDispatcher with 8 workers.
 -> (artifact id: 'c85ffe8db2e840bcaea612ec1a6b010c') in 0.082710 seconds
Number of updated asset objects reloaded before import = 0
Number of asset objects unloaded after import = 75
========================================================================
Received Import Request.
  Time since last request: 2.338278 seconds.
  path: Assets/BrenhanStory/BrenhanStory.asset
  artifactKey: Guid(6ed0cb0c5cb95494ca20808d5ffd11d5) Importer(815301076,1909f56bfc062723c751e8b465ee728b)
Start importing Assets/BrenhanStory/BrenhanStory.asset using Guid(6ed0cb0c5cb95494ca20808d5ffd11d5) Importer(815301076,1909f56bfc062723c751e8b465ee728b) [PhysX] Initialized MultithreadedTaskDispatcher with 8 workers.
 -> (artifact id: '556c76f7bf566b54cc2664dd84272d67') in 0.081691 seconds
Number of updated asset objects reloaded before import = 0
Number of asset objects unloaded after import = 75
========================================================================
Received Import Request.
  Time since last request: 182.391053 seconds.
  path: Assets/BrenhanStory/Images/student lounge.png
  artifactKey: Guid(c4e761e75afda0641a5c463af4cc24a3) Importer(815301076,1909f56bfc062723c751e8b465ee728b)
Start importing Assets/BrenhanStory/Images/student lounge.png using Guid(c4e761e75afda0641a5c463af4cc24a3) Importer(815301076,1909f56bfc062723c751e8b465ee728b) [PhysX] Initialized MultithreadedTaskDispatcher with 8 workers.
[PhysX] Initialized MultithreadedTaskDispatcher with 8 workers.
 -> (artifact id: 'b2f678e3b97edc6c3255aac596b9bcb5') in 0.168175 seconds
Number of updated asset objects reloaded before import = 0
Number of asset objects unloaded after import = 2
========================================================================
Received Import Request.
  Time since last request: 24.414071 seconds.
  path: Assets/BrenhanStory/Images/student lounge.png
  artifactKey: Guid(c4e761e75afda0641a5c463af4cc24a3) Importer(815301076,1909f56bfc062723c751e8b465ee728b)
Start importing Assets/BrenhanStory/Images/student lounge.png using Guid(c4e761e75afda0641a5c463af4cc24a3) Importer(815301076,1909f56bfc062723c751e8b465ee728b) [PhysX] Initialized MultithreadedTaskDispatcher with 8 workers.
[PhysX] Initialized MultithreadedTaskDispatcher with 8 workers.
 -> (artifact id: 'a8c9316e306c6956e6fc490dd26ab330') in 0.214339 seconds
Number of updated asset objects reloaded before import = 0
Number of asset objects unloaded after import = 3
========================================================================
Received Import Request.
  Time since last request: 15.731742 seconds.
  path: Assets/BrenhanStory/BrenhanStory.asset
  artifactKey: Guid(6ed0cb0c5cb95494ca20808d5ffd11d5) Importer(815301076,1909f56bfc062723c751e8b465ee728b)
Start importing Assets/BrenhanStory/BrenhanStory.asset using Guid(6ed0cb0c5cb95494ca20808d5ffd11d5) Importer(815301076,1909f56bfc062723c751e8b465ee728b) [PhysX] Initialized MultithreadedTaskDispatcher with 8 workers.
 -> (artifact id: '9944cc6b689d256efd284b66391a7ce7') in 0.091169 seconds
Number of updated asset objects reloaded before import = 0
Number of asset objects unloaded after import = 75
========================================================================
Received Import Request.
  Time since last request: 28.195138 seconds.
  path: Assets/BrenhanStory/BrenhanStory.asset
  artifactKey: Guid(6ed0cb0c5cb95494ca20808d5ffd11d5) Importer(815301076,1909f56bfc062723c751e8b465ee728b)
Start importing Assets/BrenhanStory/BrenhanStory.asset using Guid(6ed0cb0c5cb95494ca20808d5ffd11d5) Importer(815301076,1909f56bfc062723c751e8b465ee728b) [PhysX] Initialized MultithreadedTaskDispatcher with 8 workers.
 -> (artifact id: '5b1aecdd94450dd6a03f7522693e4e5e') in 0.131708 seconds
Number of updated asset objects reloaded before import = 0
Number of asset objects unloaded after import = 76
========================================================================
Received Import Request.
  Time since last request: 0.886228 seconds.
  path: Assets/BrenhanStory/BrenhanStory.asset
  artifactKey: Guid(6ed0cb0c5cb95494ca20808d5ffd11d5) Importer(815301076,1909f56bfc062723c751e8b465ee728b)
Start importing Assets/BrenhanStory/BrenhanStory.asset using Guid(6ed0cb0c5cb95494ca20808d5ffd11d5) Importer(815301076,1909f56bfc062723c751e8b465ee728b) [PhysX] Initialized MultithreadedTaskDispatcher with 8 workers.
 -> (artifact id: 'c7d8335f37769bdde1cca4929ab80f7c') in 0.075442 seconds
Number of updated asset objects reloaded before import = 0
Number of asset objects unloaded after import = 77
========================================================================
Received Import Request.
  Time since last request: 1.558659 seconds.
  path: Assets/BrenhanStory/BrenhanStory.asset
  artifactKey: Guid(6ed0cb0c5cb95494ca20808d5ffd11d5) Importer(815301076,1909f56bfc062723c751e8b465ee728b)
Start importing Assets/BrenhanStory/BrenhanStory.asset using Guid(6ed0cb0c5cb95494ca20808d5ffd11d5) Importer(815301076,1909f56bfc062723c751e8b465ee728b) [PhysX] Initialized MultithreadedTaskDispatcher with 8 workers.
 -> (artifact id: '2de4b1e41496146af382f35ccfff3dda') in 0.071609 seconds
Number of updated asset objects reloaded before import = 0
Number of asset objects unloaded after import = 77
========================================================================
Received Import Request.
  Time since last request: 1.829157 seconds.
  path: Assets/BrenhanStory/BrenhanStory.asset
  artifactKey: Guid(6ed0cb0c5cb95494ca20808d5ffd11d5) Importer(815301076,1909f56bfc062723c751e8b465ee728b)
Start importing Assets/BrenhanStory/BrenhanStory.asset using Guid(6ed0cb0c5cb95494ca20808d5ffd11d5) Importer(815301076,1909f56bfc062723c751e8b465ee728b) [PhysX] Initialized MultithreadedTaskDispatcher with 8 workers.
 -> (artifact id: '5316c8d7d639535d9f2bef19682aecb8') in 0.080133 seconds
Number of updated asset objects reloaded before import = 0
Number of asset objects unloaded after import = 77
========================================================================
Received Import Request.
  Time since last request: 1.609077 seconds.
  path: Assets/BrenhanStory/BrenhanStory.asset
  artifactKey: Guid(6ed0cb0c5cb95494ca20808d5ffd11d5) Importer(815301076,1909f56bfc062723c751e8b465ee728b)
Start importing Assets/BrenhanStory/BrenhanStory.asset using Guid(6ed0cb0c5cb95494ca20808d5ffd11d5) Importer(815301076,1909f56bfc062723c751e8b465ee728b) [PhysX] Initialized MultithreadedTaskDispatcher with 8 workers.
 -> (artifact id: 'd1c320c4a17fdf69d0ce60ee4f4964b4') in 0.081700 seconds
Number of updated asset objects reloaded before import = 0
Number of asset objects unloaded after import = 77
========================================================================
Received Import Request.
  Time since last request: 3.963001 seconds.
  path: Assets/BrenhanStory/BrenhanStory.asset
  artifactKey: Guid(6ed0cb0c5cb95494ca20808d5ffd11d5) Importer(815301076,1909f56bfc062723c751e8b465ee728b)
Start importing Assets/BrenhanStory/BrenhanStory.asset using Guid(6ed0cb0c5cb95494ca20808d5ffd11d5) Importer(815301076,1909f56bfc062723c751e8b465ee728b) [PhysX] Initialized MultithreadedTaskDispatcher with 8 workers.
 -> (artifact id: 'd62575a7756f1111699e7ff6b8bafde5') in 0.079426 seconds
Number of updated asset objects reloaded before import = 0
Number of asset objects unloaded after import = 76
========================================================================
Received Import Request.
  Time since last request: 6.739678 seconds.
  path: Assets/BrenhanStory/BrenhanStory.asset
  artifactKey: Guid(6ed0cb0c5cb95494ca20808d5ffd11d5) Importer(815301076,1909f56bfc062723c751e8b465ee728b)
Start importing Assets/BrenhanStory/BrenhanStory.asset using Guid(6ed0cb0c5cb95494ca20808d5ffd11d5) Importer(815301076,1909f56bfc062723c751e8b465ee728b) [PhysX] Initialized MultithreadedTaskDispatcher with 8 workers.
 -> (artifact id: '5f411b8d304ba632b0c3dfb70e244ca1') in 0.095068 seconds
Number of updated asset objects reloaded before import = 0
Number of asset objects unloaded after import = 77
========================================================================
Received Import Request.
  Time since last request: 1.887447 seconds.
  path: Assets/BrenhanStory/BrenhanStory.asset
  artifactKey: Guid(6ed0cb0c5cb95494ca20808d5ffd11d5) Importer(815301076,1909f56bfc062723c751e8b465ee728b)
Start importing Assets/BrenhanStory/BrenhanStory.asset using Guid(6ed0cb0c5cb95494ca20808d5ffd11d5) Importer(815301076,1909f56bfc062723c751e8b465ee728b) [PhysX] Initialized MultithreadedTaskDispatcher with 8 workers.
 -> (artifact id: 'f1c66e79aa96c213cd341cf441ea6ef2') in 0.081607 seconds
Number of updated asset objects reloaded before import = 0
Number of asset objects unloaded after import = 77
========================================================================
Received Import Request.
  Time since last request: 1.299132 seconds.
  path: Assets/BrenhanStory/BrenhanStory.asset
  artifactKey: Guid(6ed0cb0c5cb95494ca20808d5ffd11d5) Importer(815301076,1909f56bfc062723c751e8b465ee728b)
Start importing Assets/BrenhanStory/BrenhanStory.asset using Guid(6ed0cb0c5cb95494ca20808d5ffd11d5) Importer(815301076,1909f56bfc062723c751e8b465ee728b) [PhysX] Initialized MultithreadedTaskDispatcher with 8 workers.
 -> (artifact id: '91bad90c176d9ca86d370c7a89d4470f') in 0.078269 seconds
Number of updated asset objects reloaded before import = 0
Number of asset objects unloaded after import = 77
========================================================================
Received Import Request.
  Time since last request: 16.817469 seconds.
  path: Assets/BrenhanStory/BrenhanStory.asset
  artifactKey: Guid(6ed0cb0c5cb95494ca20808d5ffd11d5) Importer(815301076,1909f56bfc062723c751e8b465ee728b)
Start importing Assets/BrenhanStory/BrenhanStory.asset using Guid(6ed0cb0c5cb95494ca20808d5ffd11d5) Importer(815301076,1909f56bfc062723c751e8b465ee728b) [PhysX] Initialized MultithreadedTaskDispatcher with 8 workers.
 -> (artifact id: '6aadcf055c8c1bd72107d579a5bb649f') in 0.091536 seconds
Number of updated asset objects reloaded before import = 0
Number of asset objects unloaded after import = 78
========================================================================
Received Import Request.
  Time since last request: 1.056083 seconds.
  path: Assets/BrenhanStory/BrenhanStory.asset
  artifactKey: Guid(6ed0cb0c5cb95494ca20808d5ffd11d5) Importer(815301076,1909f56bfc062723c751e8b465ee728b)
Start importing Assets/BrenhanStory/BrenhanStory.asset using Guid(6ed0cb0c5cb95494ca20808d5ffd11d5) Importer(815301076,1909f56bfc062723c751e8b465ee728b) [PhysX] Initialized MultithreadedTaskDispatcher with 8 workers.
 -> (artifact id: 'b8e29f0fa86707e01b7314647a998af1') in 0.085851 seconds
Number of updated asset objects reloaded before import = 0
Number of asset objects unloaded after import = 78
========================================================================
Received Import Request.
  Time since last request: 11.401074 seconds.
  path: Assets/BrenhanStory/BrenhanStory.asset
  artifactKey: Guid(6ed0cb0c5cb95494ca20808d5ffd11d5) Importer(815301076,1909f56bfc062723c751e8b465ee728b)
Start importing Assets/BrenhanStory/BrenhanStory.asset using Guid(6ed0cb0c5cb95494ca20808d5ffd11d5) Importer(815301076,1909f56bfc062723c751e8b465ee728b) [PhysX] Initialized MultithreadedTaskDispatcher with 8 workers.
 -> (artifact id: 'fb004e5b740e56c9896c5dd12dac2048') in 0.084426 seconds
Number of updated asset objects reloaded before import = 0
Number of asset objects unloaded after import = 78
========================================================================
Received Import Request.
  Time since last request: 1.784086 seconds.
  path: Assets/BrenhanStory/BrenhanStory.asset
  artifactKey: Guid(6ed0cb0c5cb95494ca20808d5ffd11d5) Importer(815301076,1909f56bfc062723c751e8b465ee728b)
Start importing Assets/BrenhanStory/BrenhanStory.asset using Guid(6ed0cb0c5cb95494ca20808d5ffd11d5) Importer(815301076,1909f56bfc062723c751e8b465ee728b) [PhysX] Initialized MultithreadedTaskDispatcher with 8 workers.
 -> (artifact id: '5296cc37f35e239fbbc85ef5569d6f78') in 0.083499 seconds
Number of updated asset objects reloaded before import = 0
Number of asset objects unloaded after import = 78
========================================================================
Received Import Request.
  Time since last request: 3.000232 seconds.
  path: Assets/BrenhanStory/BrenhanStory.asset
  artifactKey: Guid(6ed0cb0c5cb95494ca20808d5ffd11d5) Importer(815301076,1909f56bfc062723c751e8b465ee728b)
Start importing Assets/BrenhanStory/BrenhanStory.asset using Guid(6ed0cb0c5cb95494ca20808d5ffd11d5) Importer(815301076,1909f56bfc062723c751e8b465ee728b) [PhysX] Initialized MultithreadedTaskDispatcher with 8 workers.
 -> (artifact id: '88f6191904780ce55caa5fa52ca516b8') in 0.077362 seconds
Number of updated asset objects reloaded before import = 0
Number of asset objects unloaded after import = 78
========================================================================
Received Import Request.
  Time since last request: 0.693936 seconds.
  path: Assets/BrenhanStory/BrenhanStory.asset
  artifactKey: Guid(6ed0cb0c5cb95494ca20808d5ffd11d5) Importer(815301076,1909f56bfc062723c751e8b465ee728b)
Start importing Assets/BrenhanStory/BrenhanStory.asset using Guid(6ed0cb0c5cb95494ca20808d5ffd11d5) Importer(815301076,1909f56bfc062723c751e8b465ee728b) [PhysX] Initialized MultithreadedTaskDispatcher with 8 workers.
 -> (artifact id: '3b07e527bd4e783e16bf35a97752c75b') in 0.082277 seconds
Number of updated asset objects reloaded before import = 0
Number of asset objects unloaded after import = 78
========================================================================
Received Import Request.
  Time since last request: 1.622202 seconds.
  path: Assets/BrenhanStory/BrenhanStory.asset
  artifactKey: Guid(6ed0cb0c5cb95494ca20808d5ffd11d5) Importer(815301076,1909f56bfc062723c751e8b465ee728b)
Start importing Assets/BrenhanStory/BrenhanStory.asset using Guid(6ed0cb0c5cb95494ca20808d5ffd11d5) Importer(815301076,1909f56bfc062723c751e8b465ee728b) [PhysX] Initialized MultithreadedTaskDispatcher with 8 workers.
 -> (artifact id: '25d91db2b77acf2cbe4a7a960102862a') in 0.077441 seconds
Number of updated asset objects reloaded before import = 0
Number of asset objects unloaded after import = 78
========================================================================
Received Import Request.
  Time since last request: 1.248513 seconds.
  path: Assets/BrenhanStory/BrenhanStory.asset
  artifactKey: Guid(6ed0cb0c5cb95494ca20808d5ffd11d5) Importer(815301076,1909f56bfc062723c751e8b465ee728b)
Start importing Assets/BrenhanStory/BrenhanStory.asset using Guid(6ed0cb0c5cb95494ca20808d5ffd11d5) Importer(815301076,1909f56bfc062723c751e8b465ee728b) [PhysX] Initialized MultithreadedTaskDispatcher with 8 workers.
 -> (artifact id: '18d6f8afcf1fa615045923da1b07c44b') in 0.086320 seconds
Number of updated asset objects reloaded before import = 0
Number of asset objects unloaded after import = 78
========================================================================
Received Import Request.
  Time since last request: 14.667186 seconds.
  path: Assets/BrenhanStory/BrenhanStory.asset
  artifactKey: Guid(6ed0cb0c5cb95494ca20808d5ffd11d5) Importer(815301076,1909f56bfc062723c751e8b465ee728b)
Start importing Assets/BrenhanStory/BrenhanStory.asset using Guid(6ed0cb0c5cb95494ca20808d5ffd11d5) Importer(815301076,1909f56bfc062723c751e8b465ee728b) [PhysX] Initialized MultithreadedTaskDispatcher with 8 workers.
 -> (artifact id: 'c3cd438ef7217e49efc176a41e70d5c9') in 0.132290 seconds
Number of updated asset objects reloaded before import = 0
Number of asset objects unloaded after import = 79
========================================================================
Received Import Request.
  Time since last request: 1.101868 seconds.
  path: Assets/BrenhanStory/BrenhanStory.asset
  artifactKey: Guid(6ed0cb0c5cb95494ca20808d5ffd11d5) Importer(815301076,1909f56bfc062723c751e8b465ee728b)
Start importing Assets/BrenhanStory/BrenhanStory.asset using Guid(6ed0cb0c5cb95494ca20808d5ffd11d5) Importer(815301076,1909f56bfc062723c751e8b465ee728b) [PhysX] Initialized MultithreadedTaskDispatcher with 8 workers.
 -> (artifact id: 'ac647794be7a6f3a64bc1de5d9350b56') in 0.079294 seconds
Number of updated asset objects reloaded before import = 0
Number of asset objects unloaded after import = 79
========================================================================
Received Import Request.
  Time since last request: 0.249023 seconds.
  path: Assets/BrenhanStory/BrenhanStory.asset
  artifactKey: Guid(6ed0cb0c5cb95494ca20808d5ffd11d5) Importer(815301076,1909f56bfc062723c751e8b465ee728b)
Start importing Assets/BrenhanStory/BrenhanStory.asset using Guid(6ed0cb0c5cb95494ca20808d5ffd11d5) Importer(815301076,1909f56bfc062723c751e8b465ee728b) [PhysX] Initialized MultithreadedTaskDispatcher with 8 workers.
 -> (artifact id: 'caa8d1ebf0b5c009cba1fc21159efbeb') in 0.080924 seconds
Number of updated asset objects reloaded before import = 0
Number of asset objects unloaded after import = 80
========================================================================
Received Import Request.
  Time since last request: 0.958134 seconds.
  path: Assets/BrenhanStory/BrenhanStory.asset
  artifactKey: Guid(6ed0cb0c5cb95494ca20808d5ffd11d5) Importer(815301076,1909f56bfc062723c751e8b465ee728b)
Start importing Assets/BrenhanStory/BrenhanStory.asset using Guid(6ed0cb0c5cb95494ca20808d5ffd11d5) Importer(815301076,1909f56bfc062723c751e8b465ee728b) [PhysX] Initialized MultithreadedTaskDispatcher with 8 workers.
 -> (artifact id: '750af86d25610ce191892f675a4683bd') in 0.088573 seconds
Number of updated asset objects reloaded before import = 0
Number of asset objects unloaded after import = 80
========================================================================
Received Import Request.
  Time since last request: 6.608194 seconds.
  path: Assets/BrenhanStory/BrenhanStory.asset
  artifactKey: Guid(6ed0cb0c5cb95494ca20808d5ffd11d5) Importer(815301076,1909f56bfc062723c751e8b465ee728b)
Start importing Assets/BrenhanStory/BrenhanStory.asset using Guid(6ed0cb0c5cb95494ca20808d5ffd11d5) Importer(815301076,1909f56bfc062723c751e8b465ee728b) [PhysX] Initialized MultithreadedTaskDispatcher with 8 workers.
 -> (artifact id: '85e5f8738592daf2bdec221355e1f070') in 0.077515 seconds
Number of updated asset objects reloaded before import = 0
Number of asset objects unloaded after import = 80
========================================================================
Received Import Request.
  Time since last request: 1.305035 seconds.
  path: Assets/BrenhanStory/BrenhanStory.asset
  artifactKey: Guid(6ed0cb0c5cb95494ca20808d5ffd11d5) Importer(815301076,1909f56bfc062723c751e8b465ee728b)
Start importing Assets/BrenhanStory/BrenhanStory.asset using Guid(6ed0cb0c5cb95494ca20808d5ffd11d5) Importer(815301076,1909f56bfc062723c751e8b465ee728b) [PhysX] Initialized MultithreadedTaskDispatcher with 8 workers.
 -> (artifact id: '574f7d5f88ab895190c74dfcb839a711') in 0.085748 seconds
Number of updated asset objects reloaded before import = 0
Number of asset objects unloaded after import = 80
========================================================================
Received Import Request.
  Time since last request: 1.701283 seconds.
  path: Assets/BrenhanStory/BrenhanStory.asset
  artifactKey: Guid(6ed0cb0c5cb95494ca20808d5ffd11d5) Importer(815301076,1909f56bfc062723c751e8b465ee728b)
Start importing Assets/BrenhanStory/BrenhanStory.asset using Guid(6ed0cb0c5cb95494ca20808d5ffd11d5) Importer(815301076,1909f56bfc062723c751e8b465ee728b) [PhysX] Initialized MultithreadedTaskDispatcher with 8 workers.
 -> (artifact id: 'a2f810ad1caa8eedaa0c50aa9d694163') in 0.098101 seconds
Number of updated asset objects reloaded before import = 0
Number of asset objects unloaded after import = 80
========================================================================
Received Import Request.
  Time since last request: 0.751181 seconds.
  path: Assets/BrenhanStory/BrenhanStory.asset
  artifactKey: Guid(6ed0cb0c5cb95494ca20808d5ffd11d5) Importer(815301076,1909f56bfc062723c751e8b465ee728b)
Start importing Assets/BrenhanStory/BrenhanStory.asset using Guid(6ed0cb0c5cb95494ca20808d5ffd11d5) Importer(815301076,1909f56bfc062723c751e8b465ee728b) [PhysX] Initialized MultithreadedTaskDispatcher with 8 workers.
 -> (artifact id: '3af7c3fb7cb82e7a00d20900bd3701f9') in 0.072978 seconds
Number of updated asset objects reloaded before import = 0
Number of asset objects unloaded after import = 80
========================================================================
Received Import Request.
  Time since last request: 1.727471 seconds.
  path: Assets/BrenhanStory/BrenhanStory.asset
  artifactKey: Guid(6ed0cb0c5cb95494ca20808d5ffd11d5) Importer(815301076,1909f56bfc062723c751e8b465ee728b)
Start importing Assets/BrenhanStory/BrenhanStory.asset using Guid(6ed0cb0c5cb95494ca20808d5ffd11d5) Importer(815301076,1909f56bfc062723c751e8b465ee728b) [PhysX] Initialized MultithreadedTaskDispatcher with 8 workers.
 -> (artifact id: '584eaf5125d695fa6c2b6ded04706af6') in 0.093282 seconds
Number of updated asset objects reloaded before import = 0
Number of asset objects unloaded after import = 80
========================================================================
Received Import Request.
  Time since last request: 1.835573 seconds.
  path: Assets/BrenhanStory/BrenhanStory.asset
  artifactKey: Guid(6ed0cb0c5cb95494ca20808d5ffd11d5) Importer(815301076,1909f56bfc062723c751e8b465ee728b)
Start importing Assets/BrenhanStory/BrenhanStory.asset using Guid(6ed0cb0c5cb95494ca20808d5ffd11d5) Importer(815301076,1909f56bfc062723c751e8b465ee728b) [PhysX] Initialized MultithreadedTaskDispatcher with 8 workers.
 -> (artifact id: '4e904accb651ffad4736442040645613') in 0.078094 seconds
Number of updated asset objects reloaded before import = 0
Number of asset objects unloaded after import = 80
========================================================================
Received Import Request.
  Time since last request: 1.068899 seconds.
  path: Assets/BrenhanStory/BrenhanStory.asset
  artifactKey: Guid(6ed0cb0c5cb95494ca20808d5ffd11d5) Importer(815301076,1909f56bfc062723c751e8b465ee728b)
Start importing Assets/BrenhanStory/BrenhanStory.asset using Guid(6ed0cb0c5cb95494ca20808d5ffd11d5) Importer(815301076,1909f56bfc062723c751e8b465ee728b) [PhysX] Initialized MultithreadedTaskDispatcher with 8 workers.
 -> (artifact id: '9ac47c920fcb883fe891bf9a251ddd97') in 0.123874 seconds
Number of updated asset objects reloaded before import = 0
Number of asset objects unloaded after import = 80
========================================================================
Received Import Request.
  Time since last request: 3.230924 seconds.
  path: Assets/BrenhanStory/BrenhanStory.asset
  artifactKey: Guid(6ed0cb0c5cb95494ca20808d5ffd11d5) Importer(815301076,1909f56bfc062723c751e8b465ee728b)
Start importing Assets/BrenhanStory/BrenhanStory.asset using Guid(6ed0cb0c5cb95494ca20808d5ffd11d5) Importer(815301076,1909f56bfc062723c751e8b465ee728b) [PhysX] Initialized MultithreadedTaskDispatcher with 8 workers.
 -> (artifact id: '9c2474ebd701df875ead5f1548d33130') in 0.083552 seconds
Number of updated asset objects reloaded before import = 0
Number of asset objects unloaded after import = 80
========================================================================
Received Import Request.
  Time since last request: 4.689810 seconds.
  path: Assets/BrenhanStory/BrenhanStory.asset
  artifactKey: Guid(6ed0cb0c5cb95494ca20808d5ffd11d5) Importer(815301076,1909f56bfc062723c751e8b465ee728b)
Start importing Assets/BrenhanStory/BrenhanStory.asset using Guid(6ed0cb0c5cb95494ca20808d5ffd11d5) Importer(815301076,1909f56bfc062723c751e8b465ee728b) [PhysX] Initialized MultithreadedTaskDispatcher with 8 workers.
 -> (artifact id: '1bbbae34f80a786246223bf93da033e5') in 0.093831 seconds
Number of updated asset objects reloaded before import = 0
Number of asset objects unloaded after import = 80
========================================================================
Received Import Request.
  Time since last request: 3.385109 seconds.
  path: Assets/BrenhanStory/BrenhanStory.asset
  artifactKey: Guid(6ed0cb0c5cb95494ca20808d5ffd11d5) Importer(815301076,1909f56bfc062723c751e8b465ee728b)
Start importing Assets/BrenhanStory/BrenhanStory.asset using Guid(6ed0cb0c5cb95494ca20808d5ffd11d5) Importer(815301076,1909f56bfc062723c751e8b465ee728b) [PhysX] Initialized MultithreadedTaskDispatcher with 8 workers.
 -> (artifact id: '7acac46ba6416b2fef3e7c7a64929575') in 0.079682 seconds
Number of updated asset objects reloaded before import = 0
Number of asset objects unloaded after import = 80
========================================================================
Received Import Request.
  Time since last request: 1.348508 seconds.
  path: Assets/BrenhanStory/BrenhanStory.asset
  artifactKey: Guid(6ed0cb0c5cb95494ca20808d5ffd11d5) Importer(815301076,1909f56bfc062723c751e8b465ee728b)
Start importing Assets/BrenhanStory/BrenhanStory.asset using Guid(6ed0cb0c5cb95494ca20808d5ffd11d5) Importer(815301076,1909f56bfc062723c751e8b465ee728b) [PhysX] Initialized MultithreadedTaskDispatcher with 8 workers.
 -> (artifact id: '1b410c638a806786dfe731607383977e') in 0.086470 seconds
Number of updated asset objects reloaded before import = 0
Number of asset objects unloaded after import = 80
========================================================================
Received Import Request.
  Time since last request: 2.490379 seconds.
  path: Assets/BrenhanStory/BrenhanStory.asset
  artifactKey: Guid(6ed0cb0c5cb95494ca20808d5ffd11d5) Importer(815301076,1909f56bfc062723c751e8b465ee728b)
Start importing Assets/BrenhanStory/BrenhanStory.asset using Guid(6ed0cb0c5cb95494ca20808d5ffd11d5) Importer(815301076,1909f56bfc062723c751e8b465ee728b) [PhysX] Initialized MultithreadedTaskDispatcher with 8 workers.
 -> (artifact id: 'e2709c77a51831096896bbb712f514e8') in 0.085279 seconds
Number of updated asset objects reloaded before import = 0
Number of asset objects unloaded after import = 80
========================================================================
Received Import Request.
  Time since last request: 3.310120 seconds.
  path: Assets/BrenhanStory/BrenhanStory.asset
  artifactKey: Guid(6ed0cb0c5cb95494ca20808d5ffd11d5) Importer(815301076,1909f56bfc062723c751e8b465ee728b)
Start importing Assets/BrenhanStory/BrenhanStory.asset using Guid(6ed0cb0c5cb95494ca20808d5ffd11d5) Importer(815301076,1909f56bfc062723c751e8b465ee728b) [PhysX] Initialized MultithreadedTaskDispatcher with 8 workers.
 -> (artifact id: '6aa126ae575c7adaf45ce455d949e14f') in 0.078595 seconds
Number of updated asset objects reloaded before import = 0
Number of asset objects unloaded after import = 80
========================================================================
Received Import Request.
  Time since last request: 4.304723 seconds.
  path: Assets/BrenhanStory/BrenhanStory.asset
  artifactKey: Guid(6ed0cb0c5cb95494ca20808d5ffd11d5) Importer(815301076,1909f56bfc062723c751e8b465ee728b)
Start importing Assets/BrenhanStory/BrenhanStory.asset using Guid(6ed0cb0c5cb95494ca20808d5ffd11d5) Importer(815301076,1909f56bfc062723c751e8b465ee728b) [PhysX] Initialized MultithreadedTaskDispatcher with 8 workers.
 -> (artifact id: 'de7d748376c4e097543e9f0780848e22') in 0.079259 seconds
Number of updated asset objects reloaded before import = 0
Number of asset objects unloaded after import = 80
========================================================================
Received Import Request.
  Time since last request: 17.563902 seconds.
  path: Assets/BrenhanStory/BrenhanStory.asset
  artifactKey: Guid(6ed0cb0c5cb95494ca20808d5ffd11d5) Importer(815301076,1909f56bfc062723c751e8b465ee728b)
Start importing Assets/BrenhanStory/BrenhanStory.asset using Guid(6ed0cb0c5cb95494ca20808d5ffd11d5) Importer(815301076,1909f56bfc062723c751e8b465ee728b) [PhysX] Initialized MultithreadedTaskDispatcher with 8 workers.
 -> (artifact id: '29d972708bc18f1099422c3c22417d5b') in 0.082801 seconds
Number of updated asset objects reloaded before import = 0
Number of asset objects unloaded after import = 80
========================================================================
Received Import Request.
  Time since last request: 29.014183 seconds.
  path: Assets/BrenhanStory/BrenhanStory.asset
  artifactKey: Guid(6ed0cb0c5cb95494ca20808d5ffd11d5) Importer(815301076,1909f56bfc062723c751e8b465ee728b)
Start importing Assets/BrenhanStory/BrenhanStory.asset using Guid(6ed0cb0c5cb95494ca20808d5ffd11d5) Importer(815301076,1909f56bfc062723c751e8b465ee728b) [PhysX] Initialized MultithreadedTaskDispatcher with 8 workers.
 -> (artifact id: '2da8873b87b00f3bdbdba62778e19e5c') in 0.086333 seconds
Number of updated asset objects reloaded before import = 0
Number of asset objects unloaded after import = 80
========================================================================
Received Import Request.
  Time since last request: 8.597754 seconds.
  path: Assets/BrenhanStory/BrenhanStory.asset
  artifactKey: Guid(6ed0cb0c5cb95494ca20808d5ffd11d5) Importer(815301076,1909f56bfc062723c751e8b465ee728b)
Start importing Assets/BrenhanStory/BrenhanStory.asset using Guid(6ed0cb0c5cb95494ca20808d5ffd11d5) Importer(815301076,1909f56bfc062723c751e8b465ee728b) [PhysX] Initialized MultithreadedTaskDispatcher with 8 workers.
 -> (artifact id: 'b044312d089442c5ad349605476c1fe9') in 0.085030 seconds
Number of updated asset objects reloaded before import = 0
Number of asset objects unloaded after import = 80
========================================================================
Received Import Request.
  Time since last request: 1.062387 seconds.
  path: Assets/BrenhanStory/BrenhanStory.asset
  artifactKey: Guid(6ed0cb0c5cb95494ca20808d5ffd11d5) Importer(815301076,1909f56bfc062723c751e8b465ee728b)
Start importing Assets/BrenhanStory/BrenhanStory.asset using Guid(6ed0cb0c5cb95494ca20808d5ffd11d5) Importer(815301076,1909f56bfc062723c751e8b465ee728b) [PhysX] Initialized MultithreadedTaskDispatcher with 8 workers.
 -> (artifact id: '4c855183a0f63ab33503bd7b064ed4cf') in 0.052780 seconds
Number of updated asset objects reloaded before import = 0
Number of asset objects unloaded after import = 80
========================================================================
Received Import Request.
  Time since last request: 3.059335 seconds.
  path: Assets/BrenhanStory/BrenhanStory.asset
  artifactKey: Guid(6ed0cb0c5cb95494ca20808d5ffd11d5) Importer(815301076,1909f56bfc062723c751e8b465ee728b)
Start importing Assets/BrenhanStory/BrenhanStory.asset using Guid(6ed0cb0c5cb95494ca20808d5ffd11d5) Importer(815301076,1909f56bfc062723c751e8b465ee728b) [PhysX] Initialized MultithreadedTaskDispatcher with 8 workers.
 -> (artifact id: '1adeee1cf22c931f602a7e994c86e263') in 0.080639 seconds
Number of updated asset objects reloaded before import = 0
Number of asset objects unloaded after import = 80
========================================================================
Received Import Request.
  Time since last request: 5.059587 seconds.
  path: Assets/BrenhanStory/BrenhanStory.asset
  artifactKey: Guid(6ed0cb0c5cb95494ca20808d5ffd11d5) Importer(815301076,1909f56bfc062723c751e8b465ee728b)
Start importing Assets/BrenhanStory/BrenhanStory.asset using Guid(6ed0cb0c5cb95494ca20808d5ffd11d5) Importer(815301076,1909f56bfc062723c751e8b465ee728b) [PhysX] Initialized MultithreadedTaskDispatcher with 8 workers.
 -> (artifact id: '95f3cfe1ddec75bdfa2c2713b9947476') in 0.098216 seconds
Number of updated asset objects reloaded before import = 0
Number of asset objects unloaded after import = 80
========================================================================
Received Import Request.
  Time since last request: 7.656835 seconds.
  path: Assets/BrenhanStory/BrenhanStory.asset
  artifactKey: Guid(6ed0cb0c5cb95494ca20808d5ffd11d5) Importer(815301076,1909f56bfc062723c751e8b465ee728b)
Start importing Assets/BrenhanStory/BrenhanStory.asset using Guid(6ed0cb0c5cb95494ca20808d5ffd11d5) Importer(815301076,1909f56bfc062723c751e8b465ee728b) [PhysX] Initialized MultithreadedTaskDispatcher with 8 workers.
 -> (artifact id: '54a50770b8dc0c4ee3acdaeaafe51c11') in 0.083144 seconds
Number of updated asset objects reloaded before import = 0
Number of asset objects unloaded after import = 80
========================================================================
Received Import Request.
  Time since last request: 3.135149 seconds.
  path: Assets/BrenhanStory/BrenhanStory.asset
  artifactKey: Guid(6ed0cb0c5cb95494ca20808d5ffd11d5) Importer(815301076,1909f56bfc062723c751e8b465ee728b)
Start importing Assets/BrenhanStory/BrenhanStory.asset using Guid(6ed0cb0c5cb95494ca20808d5ffd11d5) Importer(815301076,1909f56bfc062723c751e8b465ee728b) [PhysX] Initialized MultithreadedTaskDispatcher with 8 workers.
 -> (artifact id: '3a6ff879f6fa76dda14aa4a520edb7dc') in 0.079391 seconds
Number of updated asset objects reloaded before import = 0
Number of asset objects unloaded after import = 80
========================================================================
Received Import Request.
  Time since last request: 11.214263 seconds.
  path: Assets/BrenhanStory/BrenhanStory.asset
  artifactKey: Guid(6ed0cb0c5cb95494ca20808d5ffd11d5) Importer(815301076,1909f56bfc062723c751e8b465ee728b)
Start importing Assets/BrenhanStory/BrenhanStory.asset using Guid(6ed0cb0c5cb95494ca20808d5ffd11d5) Importer(815301076,1909f56bfc062723c751e8b465ee728b) [PhysX] Initialized MultithreadedTaskDispatcher with 8 workers.
 -> (artifact id: 'daad93025db98719721e5666e267d5a3') in 0.081883 seconds
Number of updated asset objects reloaded before import = 0
Number of asset objects unloaded after import = 80
========================================================================
Received Import Request.
  Time since last request: 2.497386 seconds.
  path: Assets/BrenhanStory/BrenhanStory.asset
  artifactKey: Guid(6ed0cb0c5cb95494ca20808d5ffd11d5) Importer(815301076,1909f56bfc062723c751e8b465ee728b)
Start importing Assets/BrenhanStory/BrenhanStory.asset using Guid(6ed0cb0c5cb95494ca20808d5ffd11d5) Importer(815301076,1909f56bfc062723c751e8b465ee728b) [PhysX] Initialized MultithreadedTaskDispatcher with 8 workers.
 -> (artifact id: 'e32aa44ad450a84b66c42f271e785864') in 0.106223 seconds
Number of updated asset objects reloaded before import = 0
Number of asset objects unloaded after import = 80
========================================================================
Received Import Request.
  Time since last request: 24.297265 seconds.
  path: Assets/BrenhanStory/BrenhanStory.asset
  artifactKey: Guid(6ed0cb0c5cb95494ca20808d5ffd11d5) Importer(815301076,1909f56bfc062723c751e8b465ee728b)
Start importing Assets/BrenhanStory/BrenhanStory.asset using Guid(6ed0cb0c5cb95494ca20808d5ffd11d5) Importer(815301076,1909f56bfc062723c751e8b465ee728b) [PhysX] Initialized MultithreadedTaskDispatcher with 8 workers.
 -> (artifact id: '3ef643473d053d91c2bf79ca42ee4bb0') in 0.088237 seconds
Number of updated asset objects reloaded before import = 0
Number of asset objects unloaded after import = 80
========================================================================
Received Prepare
Caller must complete domain reload
Begin MonoManager ReloadAssembly
- Loaded All Assemblies, in  1.051 seconds
Native extension for WindowsStandalone target not found
System.Reflection.TargetInvocationException: Exception has been thrown by the target of an invocation. ---> System.NullReferenceException: Object reference not set to an instance of an object
  at XNodeEditor.NodeEditorAssetModProcessor.OnReloadEditor () [0x0004b] in C:\Users\My Laptop\Documents\GitHub\Brenhan_Success_Story\Brenhan_Success_Story\Assets\UVNF\xNode\Scripts\Editor\NodeEditorAssetModProcessor.cs:50 
  at (wrapper managed-to-native) System.Reflection.RuntimeMethodInfo.InternalInvoke(System.Reflection.RuntimeMethodInfo,object,object[],System.Exception&)
  at System.Reflection.RuntimeMethodInfo.Invoke (System.Object obj, System.Reflection.BindingFlags invokeAttr, System.Reflection.Binder binder, System.Object[] parameters, System.Globalization.CultureInfo culture) [0x0006a] in <8ce0bd04a7a04b4b9395538239d3fdd8>:0 
   --- End of inner exception stack trace ---
  at System.Reflection.RuntimeMethodInfo.Invoke (System.Object obj, System.Reflection.BindingFlags invokeAttr, System.Reflection.Binder binder, System.Object[] parameters, System.Globalization.CultureInfo culture) [0x00083] in <8ce0bd04a7a04b4b9395538239d3fdd8>:0 
  at System.Reflection.MethodBase.Invoke (System.Object obj, System.Object[] parameters) [0x00000] in <8ce0bd04a7a04b4b9395538239d3fdd8>:0 
  at UnityEditor.EditorAssemblies.ProcessInitializeOnLoadMethodAttributes () [0x000a5] in <0ab653b677424c84aa7f1e3350b765bc>:0 
UnityEngine.StackTraceUtility:ExtractStackTrace ()
UnityEngine.DebugLogHandler:LogFormat (UnityEngine.LogType,UnityEngine.Object,string,object[])
UnityEngine.Logger:Log (UnityEngine.LogType,object)
UnityEngine.Debug:LogError (object)
UnityEditor.EditorAssemblies:ProcessInitializeOnLoadMethodAttributes ()

Mono: successfully reloaded assembly
- Finished resetting the current domain, in  2.379 seconds
Domain Reload Profiling: 3427ms
	BeginReloadAssembly (427ms)
		ExecutionOrderSort (0ms)
		DisableScriptedObjects (22ms)
		BackupInstance (0ms)
		ReleaseScriptingObjects (0ms)
		CreateAndSetChildDomain (70ms)
	RebuildCommonClasses (127ms)
	RebuildNativeTypeToScriptingClass (38ms)
	initialDomainReloadingComplete (80ms)
	LoadAllAssembliesAndSetupDomain (375ms)
		LoadAssemblies (612ms)
		RebuildTransferFunctionScriptingTraits (0ms)
		AnalyzeDomain (27ms)
			TypeCache.Refresh (11ms)
				TypeCache.ScanAssembly (0ms)
			ScanForSourceGeneratedMonoScriptInfo (1ms)
			ResolveRequiredComponents (12ms)
	FinalizeReload (2381ms)
		ReleaseScriptCaches (0ms)
		RebuildScriptCaches (0ms)
		SetupLoadedEditorAssemblies (1314ms)
			LogAssemblyErrors (0ms)
			InitializePlatformSupportModulesInManaged (17ms)
			SetLoadedEditorAssemblies (10ms)
			RefreshPlugins (0ms)
			BeforeProcessingInitializeOnLoad (178ms)
			ProcessInitializeOnLoadAttributes (792ms)
			ProcessInitializeOnLoadMethodAttributes (306ms)
			AfterProcessingInitializeOnLoad (11ms)
			EditorAssembliesLoaded (0ms)
		ExecutionOrderSort2 (0ms)
		AwakeInstancesAfterBackupRestoration (29ms)
Refreshing native plugins compatible for Editor in 4.47 ms, found 0 plugins.
Preloading 0 native plugins for Editor in 0.00 ms.
Unloading 1689 Unused Serialized files (Serialized files now loaded: 0)
Unloading 81 unused Assets / (138.4 KB). Loaded Objects now: 2183.
Memory consumption went from 93.0 MB to 92.9 MB.
Total: 11.300500 ms (FindLiveObjects: 0.744400 ms CreateObjectMapping: 0.269500 ms MarkObjects: 9.745300 ms  DeleteObjects: 0.537800 ms)

Prepare: number of updated asset objects reloaded= 0
AssetImportParameters requested are different than current active one (requested -> active):
  custom:video-decoder-webm-vp8: 9c59270c3fd7afecdb556c50c9e8de78 -> 
  custom:SearchIndexIgnoredProperties: e643bd26f0fe6173181afceb89e7c659 -> 
  custom:container-demuxer-ogg: 62fdf1f143b41e24485cea50d1cbac27 -> 
  custom:AudioImporter_EditorPlatform: d09bf68614088b80899f8185d706f6e7 -> 
  custom:video-decoder-ogg-theora: a1e56fd34408186e4bbccfd4996cb3dc -> 
  custom:framework-win-MediaFoundation: 216162199b28c13a410421893ffa2e32 -> 
  custom:video-encoder-webm-vp8: eb34c28f22e8b96e1ab97ce403110664 -> 
  custom:audio-decoder-ogg-vorbis: bf7c407c2cedff20999df2af8eb42d56 -> 
  custom:CustomObjectIndexerAttribute: 9a22284fe3817be447336de3de66b15e -> 
  custom:container-demuxer-webm: 4f35f7cbe854078d1ac9338744f61a02 -> 
  custom:audio-encoder-webm-vorbis: bf7c407c2cedff20999df2af8eb42d56 -> 
  custom:container-muxer-webm: aa71ff27fc2769a1b78a27578f13a17b -> 
========================================================================
Received Import Request.
  Time since last request: 73.697073 seconds.
  path: Assets/BrenhanStory/BrenhanStory.asset
  artifactKey: Guid(6ed0cb0c5cb95494ca20808d5ffd11d5) Importer(815301076,1909f56bfc062723c751e8b465ee728b)
Start importing Assets/BrenhanStory/BrenhanStory.asset using Guid(6ed0cb0c5cb95494ca20808d5ffd11d5) Importer(815301076,1909f56bfc062723c751e8b465ee728b) [PhysX] Initialized MultithreadedTaskDispatcher with 8 workers.
 -> (artifact id: '112fb933404cdcbb8736e20a67c11d4d') in 0.127616 seconds
Number of updated asset objects reloaded before import = 0
Number of asset objects unloaded after import = 80
========================================================================
Received Import Request.
  Time since last request: 61.046917 seconds.
  path: Assets/BrenhanStory/BrenhanStory.asset
  artifactKey: Guid(6ed0cb0c5cb95494ca20808d5ffd11d5) Importer(815301076,1909f56bfc062723c751e8b465ee728b)
Start importing Assets/BrenhanStory/BrenhanStory.asset using Guid(6ed0cb0c5cb95494ca20808d5ffd11d5) Importer(815301076,1909f56bfc062723c751e8b465ee728b) [PhysX] Initialized MultithreadedTaskDispatcher with 8 workers.
 -> (artifact id: 'e06fb8c4c2b099fda2ed3a2724d6671a') in 0.099614 seconds
Number of updated asset objects reloaded before import = 0
Number of asset objects unloaded after import = 81
========================================================================
Received Import Request.
  Time since last request: 2.797485 seconds.
  path: Assets/BrenhanStory/BrenhanStory.asset
  artifactKey: Guid(6ed0cb0c5cb95494ca20808d5ffd11d5) Importer(815301076,1909f56bfc062723c751e8b465ee728b)
Start importing Assets/BrenhanStory/BrenhanStory.asset using Guid(6ed0cb0c5cb95494ca20808d5ffd11d5) Importer(815301076,1909f56bfc062723c751e8b465ee728b) [PhysX] Initialized MultithreadedTaskDispatcher with 8 workers.
 -> (artifact id: '726325cdce69e0716c296b921aaf1d3f') in 0.103210 seconds
Number of updated asset objects reloaded before import = 0
Number of asset objects unloaded after import = 81
========================================================================
Received Import Request.
  Time since last request: 17.409699 seconds.
  path: Assets/BrenhanStory/BrenhanStory.asset
  artifactKey: Guid(6ed0cb0c5cb95494ca20808d5ffd11d5) Importer(815301076,1909f56bfc062723c751e8b465ee728b)
Start importing Assets/BrenhanStory/BrenhanStory.asset using Guid(6ed0cb0c5cb95494ca20808d5ffd11d5) Importer(815301076,1909f56bfc062723c751e8b465ee728b) [PhysX] Initialized MultithreadedTaskDispatcher with 8 workers.
 -> (artifact id: 'cde61129d2d99334fe96bd8ef52fcec1') in 0.083205 seconds
Number of updated asset objects reloaded before import = 0
Number of asset objects unloaded after import = 81
========================================================================
Received Import Request.
  Time since last request: 18.511586 seconds.
  path: Assets/BrenhanStory/BrenhanStory.asset
  artifactKey: Guid(6ed0cb0c5cb95494ca20808d5ffd11d5) Importer(815301076,1909f56bfc062723c751e8b465ee728b)
Start importing Assets/BrenhanStory/BrenhanStory.asset using Guid(6ed0cb0c5cb95494ca20808d5ffd11d5) Importer(815301076,1909f56bfc062723c751e8b465ee728b) [PhysX] Initialized MultithreadedTaskDispatcher with 8 workers.
 -> (artifact id: '0ce32fadbe3d484a392977b4b6de99e7') in 0.094358 seconds
Number of updated asset objects reloaded before import = 0
Number of asset objects unloaded after import = 81
========================================================================
Received Import Request.
  Time since last request: 4.641017 seconds.
  path: Assets/BrenhanStory/BrenhanStory.asset
  artifactKey: Guid(6ed0cb0c5cb95494ca20808d5ffd11d5) Importer(815301076,1909f56bfc062723c751e8b465ee728b)
Start importing Assets/BrenhanStory/BrenhanStory.asset using Guid(6ed0cb0c5cb95494ca20808d5ffd11d5) Importer(815301076,1909f56bfc062723c751e8b465ee728b) [PhysX] Initialized MultithreadedTaskDispatcher with 8 workers.
 -> (artifact id: 'd26cece953031d44b1147df69a5cc82c') in 0.086505 seconds
Number of updated asset objects reloaded before import = 0
Number of asset objects unloaded after import = 81
========================================================================
Received Import Request.
  Time since last request: 2.388278 seconds.
  path: Assets/BrenhanStory/BrenhanStory.asset
  artifactKey: Guid(6ed0cb0c5cb95494ca20808d5ffd11d5) Importer(815301076,1909f56bfc062723c751e8b465ee728b)
Start importing Assets/BrenhanStory/BrenhanStory.asset using Guid(6ed0cb0c5cb95494ca20808d5ffd11d5) Importer(815301076,1909f56bfc062723c751e8b465ee728b) [PhysX] Initialized MultithreadedTaskDispatcher with 8 workers.
 -> (artifact id: '9e3a4cf8a85b7852ec73b2eee3e2defc') in 0.710712 seconds
Number of updated asset objects reloaded before import = 0
Number of asset objects unloaded after import = 81
========================================================================
Received Import Request.
  Time since last request: 15.848025 seconds.
  path: Assets/BrenhanStory/BrenhanStory.asset
  artifactKey: Guid(6ed0cb0c5cb95494ca20808d5ffd11d5) Importer(815301076,1909f56bfc062723c751e8b465ee728b)
Start importing Assets/BrenhanStory/BrenhanStory.asset using Guid(6ed0cb0c5cb95494ca20808d5ffd11d5) Importer(815301076,1909f56bfc062723c751e8b465ee728b) [PhysX] Initialized MultithreadedTaskDispatcher with 8 workers.
 -> (artifact id: '09c200279606bb363627e326dcaedf04') in 0.105432 seconds
Number of updated asset objects reloaded before import = 0
Number of asset objects unloaded after import = 82
========================================================================
Received Import Request.
  Time since last request: 10.424653 seconds.
  path: Assets/BrenhanStory/BrenhanStory.asset
  artifactKey: Guid(6ed0cb0c5cb95494ca20808d5ffd11d5) Importer(815301076,1909f56bfc062723c751e8b465ee728b)
Start importing Assets/BrenhanStory/BrenhanStory.asset using Guid(6ed0cb0c5cb95494ca20808d5ffd11d5) Importer(815301076,1909f56bfc062723c751e8b465ee728b) [PhysX] Initialized MultithreadedTaskDispatcher with 8 workers.
 -> (artifact id: '90041a896e3878d85d678d5c73bad332') in 0.084299 seconds
Number of updated asset objects reloaded before import = 0
Number of asset objects unloaded after import = 82
========================================================================
Received Import Request.
  Time since last request: 1.009846 seconds.
  path: Assets/BrenhanStory/BrenhanStory.asset
  artifactKey: Guid(6ed0cb0c5cb95494ca20808d5ffd11d5) Importer(815301076,1909f56bfc062723c751e8b465ee728b)
Start importing Assets/BrenhanStory/BrenhanStory.asset using Guid(6ed0cb0c5cb95494ca20808d5ffd11d5) Importer(815301076,1909f56bfc062723c751e8b465ee728b) [PhysX] Initialized MultithreadedTaskDispatcher with 8 workers.
 -> (artifact id: '12904f010f3abbf70558a0628bb6fd53') in 0.085078 seconds
Number of updated asset objects reloaded before import = 0
Number of asset objects unloaded after import = 82
========================================================================
Received Import Request.
  Time since last request: 2.012709 seconds.
  path: Assets/BrenhanStory/BrenhanStory.asset
  artifactKey: Guid(6ed0cb0c5cb95494ca20808d5ffd11d5) Importer(815301076,1909f56bfc062723c751e8b465ee728b)
Start importing Assets/BrenhanStory/BrenhanStory.asset using Guid(6ed0cb0c5cb95494ca20808d5ffd11d5) Importer(815301076,1909f56bfc062723c751e8b465ee728b) [PhysX] Initialized MultithreadedTaskDispatcher with 8 workers.
 -> (artifact id: 'af17c7120d84c17a041542d9f306044b') in 0.087252 seconds
Number of updated asset objects reloaded before import = 0
Number of asset objects unloaded after import = 84
========================================================================
Received Import Request.
  Time since last request: 1.110599 seconds.
  path: Assets/BrenhanStory/BrenhanStory.asset
  artifactKey: Guid(6ed0cb0c5cb95494ca20808d5ffd11d5) Importer(815301076,1909f56bfc062723c751e8b465ee728b)
Start importing Assets/BrenhanStory/BrenhanStory.asset using Guid(6ed0cb0c5cb95494ca20808d5ffd11d5) Importer(815301076,1909f56bfc062723c751e8b465ee728b) [PhysX] Initialized MultithreadedTaskDispatcher with 8 workers.
 -> (artifact id: 'e0a17cb480dfb315e865439f9b36f95e') in 0.068476 seconds
Number of updated asset objects reloaded before import = 0
Number of asset objects unloaded after import = 84
========================================================================
Received Import Request.
  Time since last request: 1.366853 seconds.
  path: Assets/BrenhanStory/BrenhanStory.asset
  artifactKey: Guid(6ed0cb0c5cb95494ca20808d5ffd11d5) Importer(815301076,1909f56bfc062723c751e8b465ee728b)
Start importing Assets/BrenhanStory/BrenhanStory.asset using Guid(6ed0cb0c5cb95494ca20808d5ffd11d5) Importer(815301076,1909f56bfc062723c751e8b465ee728b) [PhysX] Initialized MultithreadedTaskDispatcher with 8 workers.
 -> (artifact id: '60c29cee92c69ab83ff1d58e678e7d35') in 0.081839 seconds
Number of updated asset objects reloaded before import = 0
Number of asset objects unloaded after import = 84
========================================================================
Received Import Request.
  Time since last request: 0.715168 seconds.
  path: Assets/BrenhanStory/BrenhanStory.asset
  artifactKey: Guid(6ed0cb0c5cb95494ca20808d5ffd11d5) Importer(815301076,1909f56bfc062723c751e8b465ee728b)
Start importing Assets/BrenhanStory/BrenhanStory.asset using Guid(6ed0cb0c5cb95494ca20808d5ffd11d5) Importer(815301076,1909f56bfc062723c751e8b465ee728b) [PhysX] Initialized MultithreadedTaskDispatcher with 8 workers.
 -> (artifact id: 'a8758166d458d7f4c3058856edc9a5c7') in 0.080847 seconds
Number of updated asset objects reloaded before import = 0
Number of asset objects unloaded after import = 86
========================================================================
Received Import Request.
  Time since last request: 1.546345 seconds.
  path: Assets/BrenhanStory/BrenhanStory.asset
  artifactKey: Guid(6ed0cb0c5cb95494ca20808d5ffd11d5) Importer(815301076,1909f56bfc062723c751e8b465ee728b)
Start importing Assets/BrenhanStory/BrenhanStory.asset using Guid(6ed0cb0c5cb95494ca20808d5ffd11d5) Importer(815301076,1909f56bfc062723c751e8b465ee728b) [PhysX] Initialized MultithreadedTaskDispatcher with 8 workers.
 -> (artifact id: 'eda112f5165308cac62251bceff82297') in 0.087936 seconds
Number of updated asset objects reloaded before import = 0
Number of asset objects unloaded after import = 86
========================================================================
Received Import Request.
  Time since last request: 3.477019 seconds.
  path: Assets/BrenhanStory/BrenhanStory.asset
  artifactKey: Guid(6ed0cb0c5cb95494ca20808d5ffd11d5) Importer(815301076,1909f56bfc062723c751e8b465ee728b)
Start importing Assets/BrenhanStory/BrenhanStory.asset using Guid(6ed0cb0c5cb95494ca20808d5ffd11d5) Importer(815301076,1909f56bfc062723c751e8b465ee728b) [PhysX] Initialized MultithreadedTaskDispatcher with 8 workers.
 -> (artifact id: '6ed0fdf897219a7680cafc89de494d2d') in 0.086198 seconds
Number of updated asset objects reloaded before import = 0
Number of asset objects unloaded after import = 86
========================================================================
Received Import Request.
  Time since last request: 1.788853 seconds.
  path: Assets/BrenhanStory/BrenhanStory.asset
  artifactKey: Guid(6ed0cb0c5cb95494ca20808d5ffd11d5) Importer(815301076,1909f56bfc062723c751e8b465ee728b)
Start importing Assets/BrenhanStory/BrenhanStory.asset using Guid(6ed0cb0c5cb95494ca20808d5ffd11d5) Importer(815301076,1909f56bfc062723c751e8b465ee728b) [PhysX] Initialized MultithreadedTaskDispatcher with 8 workers.
 -> (artifact id: '139908e7bfc6601f91e95546216bfebb') in 0.091361 seconds
Number of updated asset objects reloaded before import = 0
Number of asset objects unloaded after import = 86
========================================================================
Received Import Request.
  Time since last request: 3.311748 seconds.
  path: Assets/BrenhanStory/BrenhanStory.asset
  artifactKey: Guid(6ed0cb0c5cb95494ca20808d5ffd11d5) Importer(815301076,1909f56bfc062723c751e8b465ee728b)
Start importing Assets/BrenhanStory/BrenhanStory.asset using Guid(6ed0cb0c5cb95494ca20808d5ffd11d5) Importer(815301076,1909f56bfc062723c751e8b465ee728b) [PhysX] Initialized MultithreadedTaskDispatcher with 8 workers.
 -> (artifact id: '5e832b926d21367cf408204cb887dd87') in 0.099765 seconds
Number of updated asset objects reloaded before import = 0
Number of asset objects unloaded after import = 87
========================================================================
Received Import Request.
  Time since last request: 0.784432 seconds.
  path: Assets/BrenhanStory/BrenhanStory.asset
  artifactKey: Guid(6ed0cb0c5cb95494ca20808d5ffd11d5) Importer(815301076,1909f56bfc062723c751e8b465ee728b)
Start importing Assets/BrenhanStory/BrenhanStory.asset using Guid(6ed0cb0c5cb95494ca20808d5ffd11d5) Importer(815301076,1909f56bfc062723c751e8b465ee728b) [PhysX] Initialized MultithreadedTaskDispatcher with 8 workers.
 -> (artifact id: '0d2dee20951959a33ce0dc2f4c8427e1') in 0.094334 seconds
Number of updated asset objects reloaded before import = 0
Number of asset objects unloaded after import = 87
========================================================================
Received Import Request.
  Time since last request: 13.551445 seconds.
  path: Assets/BrenhanStory/BrenhanStory.asset
  artifactKey: Guid(6ed0cb0c5cb95494ca20808d5ffd11d5) Importer(815301076,1909f56bfc062723c751e8b465ee728b)
Start importing Assets/BrenhanStory/BrenhanStory.asset using Guid(6ed0cb0c5cb95494ca20808d5ffd11d5) Importer(815301076,1909f56bfc062723c751e8b465ee728b) [PhysX] Initialized MultithreadedTaskDispatcher with 8 workers.
 -> (artifact id: '71c89ecf42074da203cca6e4f84bb5f2') in 0.087826 seconds
Number of updated asset objects reloaded before import = 0
Number of asset objects unloaded after import = 86
========================================================================
Received Import Request.
  Time since last request: 37.854958 seconds.
  path: Assets/BrenhanStory/BrenhanStory.asset
  artifactKey: Guid(6ed0cb0c5cb95494ca20808d5ffd11d5) Importer(815301076,1909f56bfc062723c751e8b465ee728b)
Start importing Assets/BrenhanStory/BrenhanStory.asset using Guid(6ed0cb0c5cb95494ca20808d5ffd11d5) Importer(815301076,1909f56bfc062723c751e8b465ee728b) [PhysX] Initialized MultithreadedTaskDispatcher with 8 workers.
 -> (artifact id: '96c6cbcc5590d066967dad1e0231c7f3') in 0.083125 seconds
Number of updated asset objects reloaded before import = 0
Number of asset objects unloaded after import = 86
========================================================================
Received Import Request.
  Time since last request: 6.557810 seconds.
  path: Assets/BrenhanStory/BrenhanStory.asset
  artifactKey: Guid(6ed0cb0c5cb95494ca20808d5ffd11d5) Importer(815301076,1909f56bfc062723c751e8b465ee728b)
Start importing Assets/BrenhanStory/BrenhanStory.asset using Guid(6ed0cb0c5cb95494ca20808d5ffd11d5) Importer(815301076,1909f56bfc062723c751e8b465ee728b) [PhysX] Initialized MultithreadedTaskDispatcher with 8 workers.
 -> (artifact id: '314cb8fddfcaf874ce69af0f6e3e4ce4') in 0.083775 seconds
Number of updated asset objects reloaded before import = 0
Number of asset objects unloaded after import = 86
========================================================================
Received Import Request.
  Time since last request: 10.390604 seconds.
  path: Assets/BrenhanStory/BrenhanStory.asset
  artifactKey: Guid(6ed0cb0c5cb95494ca20808d5ffd11d5) Importer(815301076,1909f56bfc062723c751e8b465ee728b)
Start importing Assets/BrenhanStory/BrenhanStory.asset using Guid(6ed0cb0c5cb95494ca20808d5ffd11d5) Importer(815301076,1909f56bfc062723c751e8b465ee728b) [PhysX] Initialized MultithreadedTaskDispatcher with 8 workers.
 -> (artifact id: 'f6ca5744a9ba7ea9808021cd3d82953a') in 0.079482 seconds
Number of updated asset objects reloaded before import = 0
Number of asset objects unloaded after import = 86
========================================================================
Received Import Request.
  Time since last request: 8.304647 seconds.
  path: Assets/BrenhanStory/BrenhanStory.asset
  artifactKey: Guid(6ed0cb0c5cb95494ca20808d5ffd11d5) Importer(815301076,1909f56bfc062723c751e8b465ee728b)
Start importing Assets/BrenhanStory/BrenhanStory.asset using Guid(6ed0cb0c5cb95494ca20808d5ffd11d5) Importer(815301076,1909f56bfc062723c751e8b465ee728b) [PhysX] Initialized MultithreadedTaskDispatcher with 8 workers.
 -> (artifact id: '23c9008e59ed92632dd8b6b4f5a420d9') in 0.085692 seconds
Number of updated asset objects reloaded before import = 0
Number of asset objects unloaded after import = 86
========================================================================
Received Import Request.
  Time since last request: 1.714418 seconds.
  path: Assets/BrenhanStory/BrenhanStory.asset
  artifactKey: Guid(6ed0cb0c5cb95494ca20808d5ffd11d5) Importer(815301076,1909f56bfc062723c751e8b465ee728b)
Start importing Assets/BrenhanStory/BrenhanStory.asset using Guid(6ed0cb0c5cb95494ca20808d5ffd11d5) Importer(815301076,1909f56bfc062723c751e8b465ee728b) [PhysX] Initialized MultithreadedTaskDispatcher with 8 workers.
 -> (artifact id: 'a2065afdffb249abc17509401c2f86a7') in 0.083362 seconds
Number of updated asset objects reloaded before import = 0
Number of asset objects unloaded after import = 86
========================================================================
Received Import Request.
  Time since last request: 0.307039 seconds.
  path: Assets/BrenhanStory/BrenhanStory.asset
  artifactKey: Guid(6ed0cb0c5cb95494ca20808d5ffd11d5) Importer(815301076,1909f56bfc062723c751e8b465ee728b)
Start importing Assets/BrenhanStory/BrenhanStory.asset using Guid(6ed0cb0c5cb95494ca20808d5ffd11d5) Importer(815301076,1909f56bfc062723c751e8b465ee728b) [PhysX] Initialized MultithreadedTaskDispatcher with 8 workers.
 -> (artifact id: 'eb48eba872a18bfe570d0401853ba06d') in 0.080159 seconds
Number of updated asset objects reloaded before import = 0
Number of asset objects unloaded after import = 87
========================================================================
Received Import Request.
  Time since last request: 1.205967 seconds.
  path: Assets/BrenhanStory/BrenhanStory.asset
  artifactKey: Guid(6ed0cb0c5cb95494ca20808d5ffd11d5) Importer(815301076,1909f56bfc062723c751e8b465ee728b)
Start importing Assets/BrenhanStory/BrenhanStory.asset using Guid(6ed0cb0c5cb95494ca20808d5ffd11d5) Importer(815301076,1909f56bfc062723c751e8b465ee728b) [PhysX] Initialized MultithreadedTaskDispatcher with 8 workers.
 -> (artifact id: '22dded61b4260d76837e3198e75dda18') in 0.080509 seconds
Number of updated asset objects reloaded before import = 0
Number of asset objects unloaded after import = 87
========================================================================
Received Import Request.
  Time since last request: 16.342136 seconds.
  path: Assets/BrenhanStory/BrenhanStory.asset
  artifactKey: Guid(6ed0cb0c5cb95494ca20808d5ffd11d5) Importer(815301076,1909f56bfc062723c751e8b465ee728b)
Start importing Assets/BrenhanStory/BrenhanStory.asset using Guid(6ed0cb0c5cb95494ca20808d5ffd11d5) Importer(815301076,1909f56bfc062723c751e8b465ee728b) [PhysX] Initialized MultithreadedTaskDispatcher with 8 workers.
 -> (artifact id: 'f1ed95c05242ab1258e81df91a427df7') in 0.084322 seconds
Number of updated asset objects reloaded before import = 0
Number of asset objects unloaded after import = 87
========================================================================
Received Import Request.
  Time since last request: 1.797922 seconds.
  path: Assets/BrenhanStory/BrenhanStory.asset
  artifactKey: Guid(6ed0cb0c5cb95494ca20808d5ffd11d5) Importer(815301076,1909f56bfc062723c751e8b465ee728b)
Start importing Assets/BrenhanStory/BrenhanStory.asset using Guid(6ed0cb0c5cb95494ca20808d5ffd11d5) Importer(815301076,1909f56bfc062723c751e8b465ee728b) [PhysX] Initialized MultithreadedTaskDispatcher with 8 workers.
 -> (artifact id: 'c991d824584b493361a0114675c63b5b') in 0.072746 seconds
Number of updated asset objects reloaded before import = 0
Number of asset objects unloaded after import = 87
========================================================================
Received Import Request.
  Time since last request: 2.684903 seconds.
  path: Assets/BrenhanStory/BrenhanStory.asset
  artifactKey: Guid(6ed0cb0c5cb95494ca20808d5ffd11d5) Importer(815301076,1909f56bfc062723c751e8b465ee728b)
Start importing Assets/BrenhanStory/BrenhanStory.asset using Guid(6ed0cb0c5cb95494ca20808d5ffd11d5) Importer(815301076,1909f56bfc062723c751e8b465ee728b) [PhysX] Initialized MultithreadedTaskDispatcher with 8 workers.
 -> (artifact id: '8134e23ba226e38b908d17336c32f83d') in 0.088221 seconds
Number of updated asset objects reloaded before import = 0
Number of asset objects unloaded after import = 87
========================================================================
Received Import Request.
  Time since last request: 13.323781 seconds.
  path: Assets/BrenhanStory/BrenhanStory.asset
  artifactKey: Guid(6ed0cb0c5cb95494ca20808d5ffd11d5) Importer(815301076,1909f56bfc062723c751e8b465ee728b)
Start importing Assets/BrenhanStory/BrenhanStory.asset using Guid(6ed0cb0c5cb95494ca20808d5ffd11d5) Importer(815301076,1909f56bfc062723c751e8b465ee728b) [PhysX] Initialized MultithreadedTaskDispatcher with 8 workers.
 -> (artifact id: '97bf376795fa730d2cbacebb5f325b14') in 0.174251 seconds
Number of updated asset objects reloaded before import = 0
Number of asset objects unloaded after import = 87
========================================================================
Received Import Request.
  Time since last request: 10.988830 seconds.
  path: Assets/BrenhanStory/BrenhanStory.asset
  artifactKey: Guid(6ed0cb0c5cb95494ca20808d5ffd11d5) Importer(815301076,1909f56bfc062723c751e8b465ee728b)
Start importing Assets/BrenhanStory/BrenhanStory.asset using Guid(6ed0cb0c5cb95494ca20808d5ffd11d5) Importer(815301076,1909f56bfc062723c751e8b465ee728b) [PhysX] Initialized MultithreadedTaskDispatcher with 8 workers.
 -> (artifact id: '4c17cb37758afe07356ec88dea79d19e') in 0.083094 seconds
Number of updated asset objects reloaded before import = 0
Number of asset objects unloaded after import = 87
========================================================================
Received Import Request.
  Time since last request: 3.269755 seconds.
  path: Assets/BrenhanStory/BrenhanStory.asset
  artifactKey: Guid(6ed0cb0c5cb95494ca20808d5ffd11d5) Importer(815301076,1909f56bfc062723c751e8b465ee728b)
Start importing Assets/BrenhanStory/BrenhanStory.asset using Guid(6ed0cb0c5cb95494ca20808d5ffd11d5) Importer(815301076,1909f56bfc062723c751e8b465ee728b) [PhysX] Initialized MultithreadedTaskDispatcher with 8 workers.
 -> (artifact id: 'feb69c052381a155a7a963b946428397') in 0.087457 seconds
Number of updated asset objects reloaded before import = 0
Number of asset objects unloaded after import = 87
========================================================================
Received Import Request.
  Time since last request: 16.793620 seconds.
  path: Assets/BrenhanStory/BrenhanStory.asset
  artifactKey: Guid(6ed0cb0c5cb95494ca20808d5ffd11d5) Importer(815301076,1909f56bfc062723c751e8b465ee728b)
Start importing Assets/BrenhanStory/BrenhanStory.asset using Guid(6ed0cb0c5cb95494ca20808d5ffd11d5) Importer(815301076,1909f56bfc062723c751e8b465ee728b) [PhysX] Initialized MultithreadedTaskDispatcher with 8 workers.
 -> (artifact id: 'd88efc045d2ae11f5fdaa1cae70557e5') in 0.154239 seconds
Number of updated asset objects reloaded before import = 0
Number of asset objects unloaded after import = 87
========================================================================
Received Import Request.
  Time since last request: 69.109504 seconds.
  path: Assets/BrenhanStory/BrenhanStory.asset
  artifactKey: Guid(6ed0cb0c5cb95494ca20808d5ffd11d5) Importer(815301076,1909f56bfc062723c751e8b465ee728b)
Start importing Assets/BrenhanStory/BrenhanStory.asset using Guid(6ed0cb0c5cb95494ca20808d5ffd11d5) Importer(815301076,1909f56bfc062723c751e8b465ee728b) [PhysX] Initialized MultithreadedTaskDispatcher with 8 workers.
 -> (artifact id: '582acd14eab1e7118baa7b1c4232bf2b') in 0.075936 seconds
Number of updated asset objects reloaded before import = 0
Number of asset objects unloaded after import = 87
========================================================================
Received Import Request.
  Time since last request: 17.957533 seconds.
  path: Assets/BrenhanStory/BrenhanStory.asset
  artifactKey: Guid(6ed0cb0c5cb95494ca20808d5ffd11d5) Importer(815301076,1909f56bfc062723c751e8b465ee728b)
Start importing Assets/BrenhanStory/BrenhanStory.asset using Guid(6ed0cb0c5cb95494ca20808d5ffd11d5) Importer(815301076,1909f56bfc062723c751e8b465ee728b) [PhysX] Initialized MultithreadedTaskDispatcher with 8 workers.
 -> (artifact id: 'd89fd24526dac5d1301a5ea3970e3186') in 0.076446 seconds
Number of updated asset objects reloaded before import = 0
Number of asset objects unloaded after import = 87
========================================================================
Received Import Request.
  Time since last request: 37.555215 seconds.
  path: Assets/BrenhanStory/BrenhanStory.asset
  artifactKey: Guid(6ed0cb0c5cb95494ca20808d5ffd11d5) Importer(815301076,1909f56bfc062723c751e8b465ee728b)
Start importing Assets/BrenhanStory/BrenhanStory.asset using Guid(6ed0cb0c5cb95494ca20808d5ffd11d5) Importer(815301076,1909f56bfc062723c751e8b465ee728b) [PhysX] Initialized MultithreadedTaskDispatcher with 8 workers.
 -> (artifact id: '61be4e8a7492dfb7d806fb0dcd72d7a2') in 0.095094 seconds
Number of updated asset objects reloaded before import = 0
Number of asset objects unloaded after import = 88
========================================================================
Received Import Request.
  Time since last request: 21.111078 seconds.
  path: Assets/BrenhanStory/BrenhanStory.asset
  artifactKey: Guid(6ed0cb0c5cb95494ca20808d5ffd11d5) Importer(815301076,1909f56bfc062723c751e8b465ee728b)
Start importing Assets/BrenhanStory/BrenhanStory.asset using Guid(6ed0cb0c5cb95494ca20808d5ffd11d5) Importer(815301076,1909f56bfc062723c751e8b465ee728b) [PhysX] Initialized MultithreadedTaskDispatcher with 8 workers.
 -> (artifact id: '92f7d3819abb0bbcb054c6b19e4c5a6e') in 0.133531 seconds
Number of updated asset objects reloaded before import = 0
Number of asset objects unloaded after import = 89
========================================================================
Received Import Request.
  Time since last request: 1.380702 seconds.
  path: Assets/BrenhanStory/BrenhanStory.asset
  artifactKey: Guid(6ed0cb0c5cb95494ca20808d5ffd11d5) Importer(815301076,1909f56bfc062723c751e8b465ee728b)
Start importing Assets/BrenhanStory/BrenhanStory.asset using Guid(6ed0cb0c5cb95494ca20808d5ffd11d5) Importer(815301076,1909f56bfc062723c751e8b465ee728b) [PhysX] Initialized MultithreadedTaskDispatcher with 8 workers.
 -> (artifact id: '40e4ab4df833606015a5226d7e1b50eb') in 0.075178 seconds
Number of updated asset objects reloaded before import = 0
Number of asset objects unloaded after import = 89
========================================================================
Received Import Request.
  Time since last request: 7.459519 seconds.
  path: Assets/BrenhanStory/BrenhanStory.asset
  artifactKey: Guid(6ed0cb0c5cb95494ca20808d5ffd11d5) Importer(815301076,1909f56bfc062723c751e8b465ee728b)
Start importing Assets/BrenhanStory/BrenhanStory.asset using Guid(6ed0cb0c5cb95494ca20808d5ffd11d5) Importer(815301076,1909f56bfc062723c751e8b465ee728b) [PhysX] Initialized MultithreadedTaskDispatcher with 8 workers.
 -> (artifact id: '56b5c6c4b703ac0d05377c4e2f0439a1') in 0.081562 seconds
Number of updated asset objects reloaded before import = 0
Number of asset objects unloaded after import = 90
========================================================================
Received Import Request.
  Time since last request: 1.069628 seconds.
  path: Assets/BrenhanStory/BrenhanStory.asset
  artifactKey: Guid(6ed0cb0c5cb95494ca20808d5ffd11d5) Importer(815301076,1909f56bfc062723c751e8b465ee728b)
Start importing Assets/BrenhanStory/BrenhanStory.asset using Guid(6ed0cb0c5cb95494ca20808d5ffd11d5) Importer(815301076,1909f56bfc062723c751e8b465ee728b) [PhysX] Initialized MultithreadedTaskDispatcher with 8 workers.
 -> (artifact id: '3d12bf48013f76a907a7ddcdf958122f') in 0.092514 seconds
Number of updated asset objects reloaded before import = 0
Number of asset objects unloaded after import = 90
========================================================================
Received Import Request.
  Time since last request: 5.294985 seconds.
  path: Assets/BrenhanStory/BrenhanStory.asset
  artifactKey: Guid(6ed0cb0c5cb95494ca20808d5ffd11d5) Importer(815301076,1909f56bfc062723c751e8b465ee728b)
Start importing Assets/BrenhanStory/BrenhanStory.asset using Guid(6ed0cb0c5cb95494ca20808d5ffd11d5) Importer(815301076,1909f56bfc062723c751e8b465ee728b) [PhysX] Initialized MultithreadedTaskDispatcher with 8 workers.
 -> (artifact id: '5a4e8325db767a7f2752529356739a45') in 0.088712 seconds
Number of updated asset objects reloaded before import = 0
Number of asset objects unloaded after import = 90
========================================================================
Received Prepare
Caller must complete domain reload
Begin MonoManager ReloadAssembly
- Loaded All Assemblies, in  1.039 seconds
Native extension for WindowsStandalone target not found
System.Reflection.TargetInvocationException: Exception has been thrown by the target of an invocation. ---> System.NullReferenceException: Object reference not set to an instance of an object
  at XNodeEditor.NodeEditorAssetModProcessor.OnReloadEditor () [0x0004b] in C:\Users\My Laptop\Documents\GitHub\Brenhan_Success_Story\Brenhan_Success_Story\Assets\UVNF\xNode\Scripts\Editor\NodeEditorAssetModProcessor.cs:50 
  at (wrapper managed-to-native) System.Reflection.RuntimeMethodInfo.InternalInvoke(System.Reflection.RuntimeMethodInfo,object,object[],System.Exception&)
  at System.Reflection.RuntimeMethodInfo.Invoke (System.Object obj, System.Reflection.BindingFlags invokeAttr, System.Reflection.Binder binder, System.Object[] parameters, System.Globalization.CultureInfo culture) [0x0006a] in <8ce0bd04a7a04b4b9395538239d3fdd8>:0 
   --- End of inner exception stack trace ---
  at System.Reflection.RuntimeMethodInfo.Invoke (System.Object obj, System.Reflection.BindingFlags invokeAttr, System.Reflection.Binder binder, System.Object[] parameters, System.Globalization.CultureInfo culture) [0x00083] in <8ce0bd04a7a04b4b9395538239d3fdd8>:0 
  at System.Reflection.MethodBase.Invoke (System.Object obj, System.Object[] parameters) [0x00000] in <8ce0bd04a7a04b4b9395538239d3fdd8>:0 
  at UnityEditor.EditorAssemblies.ProcessInitializeOnLoadMethodAttributes () [0x000a5] in <0ab653b677424c84aa7f1e3350b765bc>:0 
UnityEngine.StackTraceUtility:ExtractStackTrace ()
UnityEngine.DebugLogHandler:LogFormat (UnityEngine.LogType,UnityEngine.Object,string,object[])
UnityEngine.Logger:Log (UnityEngine.LogType,object)
UnityEngine.Debug:LogError (object)
UnityEditor.EditorAssemblies:ProcessInitializeOnLoadMethodAttributes ()

Mono: successfully reloaded assembly
- Finished resetting the current domain, in  2.493 seconds
Domain Reload Profiling: 3530ms
	BeginReloadAssembly (427ms)
		ExecutionOrderSort (0ms)
		DisableScriptedObjects (20ms)
		BackupInstance (0ms)
		ReleaseScriptingObjects (0ms)
		CreateAndSetChildDomain (70ms)
	RebuildCommonClasses (117ms)
	RebuildNativeTypeToScriptingClass (48ms)
	initialDomainReloadingComplete (82ms)
	LoadAllAssembliesAndSetupDomain (360ms)
		LoadAssemblies (598ms)
		RebuildTransferFunctionScriptingTraits (0ms)
		AnalyzeDomain (26ms)
			TypeCache.Refresh (11ms)
				TypeCache.ScanAssembly (0ms)
			ScanForSourceGeneratedMonoScriptInfo (1ms)
			ResolveRequiredComponents (12ms)
	FinalizeReload (2496ms)
		ReleaseScriptCaches (0ms)
		RebuildScriptCaches (0ms)
		SetupLoadedEditorAssemblies (1351ms)
			LogAssemblyErrors (0ms)
			InitializePlatformSupportModulesInManaged (18ms)
			SetLoadedEditorAssemblies (9ms)
			RefreshPlugins (0ms)
			BeforeProcessingInitializeOnLoad (171ms)
			ProcessInitializeOnLoadAttributes (797ms)
			ProcessInitializeOnLoadMethodAttributes (344ms)
			AfterProcessingInitializeOnLoad (12ms)
			EditorAssembliesLoaded (0ms)
		ExecutionOrderSort2 (0ms)
		AwakeInstancesAfterBackupRestoration (28ms)
Refreshing native plugins compatible for Editor in 3.52 ms, found 0 plugins.
Preloading 0 native plugins for Editor in 0.00 ms.
Unloading 1691 Unused Serialized files (Serialized files now loaded: 0)
Unloading 92 unused Assets / (142.3 KB). Loaded Objects now: 2186.
Memory consumption went from 93.3 MB to 93.2 MB.
Total: 10.053300 ms (FindLiveObjects: 0.363000 ms CreateObjectMapping: 0.113400 ms MarkObjects: 9.172700 ms  DeleteObjects: 0.401100 ms)

Prepare: number of updated asset objects reloaded= 0
AssetImportParameters requested are different than current active one (requested -> active):
  custom:video-decoder-webm-vp8: 9c59270c3fd7afecdb556c50c9e8de78 -> 
  custom:SearchIndexIgnoredProperties: e643bd26f0fe6173181afceb89e7c659 -> 
  custom:container-demuxer-ogg: 62fdf1f143b41e24485cea50d1cbac27 -> 
  custom:AudioImporter_EditorPlatform: d09bf68614088b80899f8185d706f6e7 -> 
  custom:video-decoder-ogg-theora: a1e56fd34408186e4bbccfd4996cb3dc -> 
  custom:framework-win-MediaFoundation: 216162199b28c13a410421893ffa2e32 -> 
  custom:video-encoder-webm-vp8: eb34c28f22e8b96e1ab97ce403110664 -> 
  custom:audio-decoder-ogg-vorbis: bf7c407c2cedff20999df2af8eb42d56 -> 
  custom:CustomObjectIndexerAttribute: 9a22284fe3817be447336de3de66b15e -> 
  custom:container-demuxer-webm: 4f35f7cbe854078d1ac9338744f61a02 -> 
  custom:audio-encoder-webm-vorbis: bf7c407c2cedff20999df2af8eb42d56 -> 
  custom:container-muxer-webm: aa71ff27fc2769a1b78a27578f13a17b -> 
